27/04/23 20:33:15 :: // Appel de la method handleLogin // 
27/04/23 20:33:15 :: // Appel de la method QUERY de database.service. // 
27/04/23 20:33:15 :: => Requete appelée: SELECT * FROM account WHERE deletedBy IS NULL AND email = ? 
27/04/23 20:33:15 :: ---> Sortie de la method QUERY de database.service. // 
27/04/23 20:33:15 :: ==>Retour de la requete: [
  [
    {
      Id_account: 6,
      email: 'maxoa59@gmail.com',
      password: '/HMEW4OGrF4KThrKnj9lfuWkWLVzKiOeRIxZU08GfcofVjozJXlr.',
      createdBy: 'site',
      createdAt: null,
      deletedBy: null,
      deletedAt: null,
      modifiedBy: null,
      modifiedAt: null
    }
  ]
] 
27/04/23 20:33:15 :: ++ L'utilisateur (account) trouvé est : {
  Id_account: 6,
  email: 'maxoa59@gmail.com',
  password: '/HMEW4OGrF4KThrKnj9lfuWkWLVzKiOeRIxZU08GfcofVjozJXlr.',
  createdBy: 'site',
  createdAt: null,
  deletedBy: null,
  deletedAt: null,
  modifiedBy: null,
  modifiedAt: null
} 
27/04/23 20:33:15 :: Comparons les mots de passe reçus : true 
27/04/23 20:33:15 :: // Appel de la method QUERY de database.service. // 
27/04/23 20:33:15 :: => Requete appelée: SELECT * FROM customer WHERE Id_account = ? 
27/04/23 20:33:15 :: ==>Retour de la requete: [
  [
    {
      Id_customer: 5,
      pseudo: 'Secutor',
      firstname: 'Maxence',
      lastname: 'ALLART',
      last_connection: 2023-04-27T20:28:36.000Z,
      createdBy: null,
      createdAt: null,
      deletedBy: null,
      deletedAt: null,
      modifiedBy: null,
      modifiedAt: null,
      Id_account: 6,
      Id_role: 1
    }
  ]
] 
27/04/23 20:33:15 :: ++ Customer trouvé est : {
  Id_customer: 5,
  pseudo: 'Secutor',
  firstname: 'Maxence',
  lastname: 'ALLART',
  last_connection: 2023-04-27T20:28:36.000Z,
  createdBy: null,
  createdAt: null,
  deletedBy: null,
  deletedAt: null,
  modifiedBy: null,
  modifiedAt: null,
  Id_account: 6,
  Id_role: 1
} 
27/04/23 20:33:15 :: ---> Sortie de la method QUERY de database.service. // 
27/04/23 20:33:15 :: // Appel de la method QUERY de database.service. // 
27/04/23 20:33:15 :: yoyoyoy customer.Id_role:  1 
27/04/23 20:33:15 :: => Requete appelée: SELECT * FROM role WHERE Id_role = ? 
27/04/23 20:33:15 :: ==>Retour de la requete: [ [ { Id_role: 1, title: 'user' } ] ] 
27/04/23 20:33:15 :: ---> Sortie de la method QUERY de database.service. // 
27/04/23 20:33:15 :: YOYOYOYOYO, role =  [ { Id_role: 1, title: 'user' } ] 
27/04/23 20:33:15 :: // Appel de la method QUERY de database.service. // 
27/04/23 20:33:15 :: => Requete appelée: 
    UPDATE customer
    SET last_connection = NOW()
    WHERE Id_customer = ?;
     
27/04/23 20:33:15 :: ==>Retour de la requete: [
  ResultSetHeader {
    fieldCount: 0,
    affectedRows: 1,
    insertId: 0,
    info: 'Enregistrements correspondants: 1  Modifiés: 1  Warnings: 0',
    serverStatus: 2,
    warningStatus: 0
  }
] 
27/04/23 20:33:15 :: Login successful ! sending token and refreshToken (httpOnly) 
27/04/23 20:33:15 :: ---> Sortie de la method QUERY de database.service. // 
27/04/23 20:34:11 :: Ouverture d'un port d'écoute sur : 5050 
27/04/23 20:34:12 :: Ouverture d'un port d'écoute sur : 5050 
27/04/23 20:34:17 :: Ouverture d'un port d'écoute sur : 5050 
27/04/23 20:34:33 :: Ouverture d'un port d'écoute sur : 5050 
27/04/23 20:34:38 :: Ouverture d'un port d'écoute sur : 5050 
27/04/23 20:34:41 :: Ouverture d'un port d'écoute sur : 5050 
27/04/23 20:34:45 :: Ouverture d'un port d'écoute sur : 5050 
27/04/23 20:34:48 :: yo refreshToken: eyJhbGciOiJIUzI1NiIsInR5cCI6IkpXVCJ9.eyJJZF9hY2NvdW50Ijo2LCJlbWFpbCI6Im1heG9hNTlAZ21haWwuY29tIiwicGFzc3dvcmQiOiIvSE1FVzRPR3JGNEtUaHJLbmo5bGZ1V2tXTFZ6S2lPZVJJeFpVMDhHZmNvZlZqb3pKWGxyLiIsImNyZWF0ZWRCeSI6bnVsbCwiY3JlYXRlZEF0IjpudWxsLCJkZWxldGVkQnkiOm51bGwsImRlbGV0ZWRBdCI6bnVsbCwibW9kaWZpZWRCeSI6bnVsbCwibW9kaWZpZWRBdCI6bnVsbCwiSWRfY3VzdG9tZXIiOjUsInBzZXVkbyI6IlNlY3V0b3IiLCJmaXJzdG5hbWUiOiJNYXhlbmNlIiwibGFzdG5hbWUiOiJBTExBUlQiLCJsYXN0X2Nvbm5lY3Rpb24iOiIyMDIzLTA0LTI3VDIwOjI4OjM2LjAwMFoiLCJJZF9yb2xlIjoxLCJpYXQiOjE2ODI2Mjc1OTUsImV4cCI6MTY4MzQ5MTU5NX0.B7UTpao6Sz8XsRVNpUjmsB4HZmiZDyyTBEGXx5nmPy4 
27/04/23 20:34:48 :: yo decodedRefreshToken: {
  Id_account: 6,
  email: 'maxoa59@gmail.com',
  password: '/HMEW4OGrF4KThrKnj9lfuWkWLVzKiOeRIxZU08GfcofVjozJXlr.',
  createdBy: null,
  createdAt: null,
  deletedBy: null,
  deletedAt: null,
  modifiedBy: null,
  modifiedAt: null,
  Id_customer: 5,
  pseudo: 'Secutor',
  firstname: 'Maxence',
  lastname: 'ALLART',
  last_connection: '2023-04-27T20:28:36.000Z',
  Id_role: 1,
  iat: 1682627595,
  exp: 1683491595
} 
27/04/23 20:34:48 :: yo userId: undefined 
27/04/23 20:34:52 :: // Appel de la method handleLogin // 
27/04/23 20:34:52 :: // Appel de la method QUERY de database.service. // 
27/04/23 20:34:52 :: new connexion made sur la database: pc_compare 
27/04/23 20:34:52 :: => Requete appelée: SELECT * FROM account WHERE deletedBy IS NULL AND email = ? 
27/04/23 20:34:52 :: ==>Retour de la requete: [
  [
    {
      Id_account: 6,
      email: 'maxoa59@gmail.com',
      password: '/HMEW4OGrF4KThrKnj9lfuWkWLVzKiOeRIxZU08GfcofVjozJXlr.',
      createdBy: 'site',
      createdAt: null,
      deletedBy: null,
      deletedAt: null,
      modifiedBy: null,
      modifiedAt: null
    }
  ]
] 
27/04/23 20:34:52 :: ---> Sortie de la method QUERY de database.service. // 
27/04/23 20:34:52 :: ++ L'utilisateur (account) trouvé est : {
  Id_account: 6,
  email: 'maxoa59@gmail.com',
  password: '/HMEW4OGrF4KThrKnj9lfuWkWLVzKiOeRIxZU08GfcofVjozJXlr.',
  createdBy: 'site',
  createdAt: null,
  deletedBy: null,
  deletedAt: null,
  modifiedBy: null,
  modifiedAt: null
} 
27/04/23 20:34:52 :: Comparons les mots de passe reçus : true 
27/04/23 20:34:52 :: // Appel de la method QUERY de database.service. // 
27/04/23 20:34:52 :: ==>Retour de la requete: [
  [
    {
      Id_customer: 5,
      pseudo: 'Secutor',
      firstname: 'Maxence',
      lastname: 'ALLART',
      last_connection: 2023-04-27T20:33:15.000Z,
      createdBy: null,
      createdAt: null,
      deletedBy: null,
      deletedAt: null,
      modifiedBy: null,
      modifiedAt: null,
      Id_account: 6,
      Id_role: 1
    }
  ]
] 
27/04/23 20:34:52 :: ---> Sortie de la method QUERY de database.service. // 
27/04/23 20:34:52 :: ++ Customer trouvé est : {
  Id_customer: 5,
  pseudo: 'Secutor',
  firstname: 'Maxence',
  lastname: 'ALLART',
  last_connection: 2023-04-27T20:33:15.000Z,
  createdBy: null,
  createdAt: null,
  deletedBy: null,
  deletedAt: null,
  modifiedBy: null,
  modifiedAt: null,
  Id_account: 6,
  Id_role: 1
} 
27/04/23 20:34:52 :: => Requete appelée: SELECT * FROM customer WHERE Id_account = ? 
27/04/23 20:34:52 :: // Appel de la method QUERY de database.service. // 
27/04/23 20:34:52 :: => Requete appelée: SELECT * FROM role WHERE Id_role = ? 
27/04/23 20:34:52 :: ==>Retour de la requete: [ [ { Id_role: 1, title: 'user' } ] ] 
27/04/23 20:34:52 :: ++ Le customer trouvé est du role: [ { Id_role: 1, title: 'user' } ] 
27/04/23 20:34:52 :: ---> Sortie de la method QUERY de database.service. // 
27/04/23 20:34:52 :: // Appel de la method QUERY de database.service. // 
27/04/23 20:34:52 :: => Requete appelée: 
    UPDATE customer
    SET last_connection = NOW()
    WHERE Id_customer = ?;
     
27/04/23 20:34:52 :: ==>Retour de la requete: [
  ResultSetHeader {
    fieldCount: 0,
    affectedRows: 1,
    insertId: 0,
    info: 'Enregistrements correspondants: 1  Modifiés: 1  Warnings: 0',
    serverStatus: 2,
    warningStatus: 0
  }
] 
27/04/23 20:34:52 :: ---> Sortie de la method QUERY de database.service. // 
27/04/23 20:34:52 :: Login successful ! sending token and refreshToken (httpOnly) 
27/04/23 20:35:15 :: yo refreshToken: eyJhbGciOiJIUzI1NiIsInR5cCI6IkpXVCJ9.eyJJZF9hY2NvdW50Ijo2LCJlbWFpbCI6Im1heG9hNTlAZ21haWwuY29tIiwicGFzc3dvcmQiOiIvSE1FVzRPR3JGNEtUaHJLbmo5bGZ1V2tXTFZ6S2lPZVJJeFpVMDhHZmNvZlZqb3pKWGxyLiIsImNyZWF0ZWRCeSI6bnVsbCwiY3JlYXRlZEF0IjpudWxsLCJkZWxldGVkQnkiOm51bGwsImRlbGV0ZWRBdCI6bnVsbCwibW9kaWZpZWRCeSI6bnVsbCwibW9kaWZpZWRBdCI6bnVsbCwiSWRfY3VzdG9tZXIiOjUsInBzZXVkbyI6IlNlY3V0b3IiLCJmaXJzdG5hbWUiOiJNYXhlbmNlIiwibGFzdG5hbWUiOiJBTExBUlQiLCJsYXN0X2Nvbm5lY3Rpb24iOiIyMDIzLTA0LTI3VDIwOjMzOjE1LjAwMFoiLCJJZF9yb2xlIjoxLCJyb2xlIjpbeyJJZF9yb2xlIjoxLCJ0aXRsZSI6InVzZXIifV0sImlhdCI6MTY4MjYyNzY5MiwiZXhwIjoxNjgzNDkxNjkyfQ.vR_tHuCgySXiBrMBnovZVSKtcrfr-IplduBLlwyXk5U 
27/04/23 20:35:15 :: yo decodedRefreshToken: {
  Id_account: 6,
  email: 'maxoa59@gmail.com',
  password: '/HMEW4OGrF4KThrKnj9lfuWkWLVzKiOeRIxZU08GfcofVjozJXlr.',
  createdBy: null,
  createdAt: null,
  deletedBy: null,
  deletedAt: null,
  modifiedBy: null,
  modifiedAt: null,
  Id_customer: 5,
  pseudo: 'Secutor',
  firstname: 'Maxence',
  lastname: 'ALLART',
  last_connection: '2023-04-27T20:33:15.000Z',
  Id_role: 1,
  role: [ { Id_role: 1, title: 'user' } ],
  iat: 1682627692,
  exp: 1683491692
} 
27/04/23 20:35:15 :: yo userId: undefined 
27/04/23 20:35:24 :: Ouverture d'un port d'écoute sur : 5050 
27/04/23 20:35:28 :: Ouverture d'un port d'écoute sur : 5050 
27/04/23 20:35:30 :: Ouverture d'un port d'écoute sur : 5050 
27/04/23 20:35:35 :: // Appel de la method handleLogin // 
27/04/23 20:35:35 :: // Appel de la method QUERY de database.service. // 
27/04/23 20:35:35 :: new connexion made sur la database: pc_compare 
27/04/23 20:35:35 :: => Requete appelée: SELECT * FROM account WHERE deletedBy IS NULL AND email = ? 
27/04/23 20:35:35 :: ==>Retour de la requete: [
  [
    {
      Id_account: 6,
      email: 'maxoa59@gmail.com',
      password: '/HMEW4OGrF4KThrKnj9lfuWkWLVzKiOeRIxZU08GfcofVjozJXlr.',
      createdBy: 'site',
      createdAt: null,
      deletedBy: null,
      deletedAt: null,
      modifiedBy: null,
      modifiedAt: null
    }
  ]
] 
27/04/23 20:35:35 :: ---> Sortie de la method QUERY de database.service. // 
27/04/23 20:35:35 :: ++ L'utilisateur (account) trouvé est : {
  Id_account: 6,
  email: 'maxoa59@gmail.com',
  password: '/HMEW4OGrF4KThrKnj9lfuWkWLVzKiOeRIxZU08GfcofVjozJXlr.',
  createdBy: 'site',
  createdAt: null,
  deletedBy: null,
  deletedAt: null,
  modifiedBy: null,
  modifiedAt: null
} 
27/04/23 20:35:35 :: Comparons les mots de passe reçus : true 
27/04/23 20:35:35 :: // Appel de la method QUERY de database.service. // 
27/04/23 20:35:35 :: => Requete appelée: SELECT * FROM customer WHERE Id_account = ? 
27/04/23 20:35:35 :: ==>Retour de la requete: [
  [
    {
      Id_customer: 5,
      pseudo: 'Secutor',
      firstname: 'Maxence',
      lastname: 'ALLART',
      last_connection: 2023-04-27T20:34:52.000Z,
      createdBy: null,
      createdAt: null,
      deletedBy: null,
      deletedAt: null,
      modifiedBy: null,
      modifiedAt: null,
      Id_account: 6,
      Id_role: 1
    }
  ]
] 
27/04/23 20:35:35 :: ++ Customer trouvé est : {
  Id_customer: 5,
  pseudo: 'Secutor',
  firstname: 'Maxence',
  lastname: 'ALLART',
  last_connection: 2023-04-27T20:34:52.000Z,
  createdBy: null,
  createdAt: null,
  deletedBy: null,
  deletedAt: null,
  modifiedBy: null,
  modifiedAt: null,
  Id_account: 6,
  Id_role: 1
} 
27/04/23 20:35:35 :: ---> Sortie de la method QUERY de database.service. // 
27/04/23 20:35:35 :: // Appel de la method QUERY de database.service. // 
27/04/23 20:35:35 :: => Requete appelée: SELECT * FROM role WHERE Id_role = ? 
27/04/23 20:35:35 :: ==>Retour de la requete: [ [ { Id_role: 1, title: 'user' } ] ] 
27/04/23 20:35:35 :: ---> Sortie de la method QUERY de database.service. // 
27/04/23 20:35:35 :: ++ Le customer trouvé est du role: { Id_role: 1, title: 'user' } 
27/04/23 20:35:35 :: // Appel de la method QUERY de database.service. // 
27/04/23 20:35:35 :: => Requete appelée: 
    UPDATE customer
    SET last_connection = NOW()
    WHERE Id_customer = ?;
     
27/04/23 20:35:35 :: ==>Retour de la requete: [
  ResultSetHeader {
    fieldCount: 0,
    affectedRows: 1,
    insertId: 0,
    info: 'Enregistrements correspondants: 1  Modifiés: 1  Warnings: 0',
    serverStatus: 2,
    warningStatus: 0
  }
] 
27/04/23 20:35:35 :: Login successful ! sending token and refreshToken (httpOnly) 
27/04/23 20:35:35 :: ---> Sortie de la method QUERY de database.service. // 
27/04/23 20:36:12 :: Ouverture d'un port d'écoute sur : 5050 
27/04/23 20:36:16 :: yo refreshToken: eyJhbGciOiJIUzI1NiIsInR5cCI6IkpXVCJ9.eyJJZF9hY2NvdW50Ijo2LCJlbWFpbCI6Im1heG9hNTlAZ21haWwuY29tIiwicGFzc3dvcmQiOiIvSE1FVzRPR3JGNEtUaHJLbmo5bGZ1V2tXTFZ6S2lPZVJJeFpVMDhHZmNvZlZqb3pKWGxyLiIsImNyZWF0ZWRCeSI6bnVsbCwiY3JlYXRlZEF0IjpudWxsLCJkZWxldGVkQnkiOm51bGwsImRlbGV0ZWRBdCI6bnVsbCwibW9kaWZpZWRCeSI6bnVsbCwibW9kaWZpZWRBdCI6bnVsbCwiSWRfY3VzdG9tZXIiOjUsInBzZXVkbyI6IlNlY3V0b3IiLCJmaXJzdG5hbWUiOiJNYXhlbmNlIiwibGFzdG5hbWUiOiJBTExBUlQiLCJsYXN0X2Nvbm5lY3Rpb24iOiIyMDIzLTA0LTI3VDIwOjM0OjUyLjAwMFoiLCJJZF9yb2xlIjoxLCJyb2xlIjp7IklkX3JvbGUiOjEsInRpdGxlIjoidXNlciJ9LCJpYXQiOjE2ODI2Mjc3MzUsImV4cCI6MTY4MzQ5MTczNX0.elAS5yT23awLi_d-9ejZy7SIPFieM88D4qw_MA4DlZI 
27/04/23 20:36:16 :: yo decodedRefreshToken: {
  Id_account: 6,
  email: 'maxoa59@gmail.com',
  password: '/HMEW4OGrF4KThrKnj9lfuWkWLVzKiOeRIxZU08GfcofVjozJXlr.',
  createdBy: null,
  createdAt: null,
  deletedBy: null,
  deletedAt: null,
  modifiedBy: null,
  modifiedAt: null,
  Id_customer: 5,
  pseudo: 'Secutor',
  firstname: 'Maxence',
  lastname: 'ALLART',
  last_connection: '2023-04-27T20:34:52.000Z',
  Id_role: 1,
  role: { Id_role: 1, title: 'user' },
  iat: 1682627735,
  exp: 1683491735
} 
27/04/23 20:36:16 :: yo userId: undefined 
27/04/23 20:36:19 :: // Appel de la method handleLogin // 
27/04/23 20:36:19 :: // Appel de la method QUERY de database.service. // 
27/04/23 20:36:19 :: new connexion made sur la database: pc_compare 
27/04/23 20:36:19 :: => Requete appelée: SELECT * FROM account WHERE deletedBy IS NULL AND email = ? 
27/04/23 20:36:19 :: ==>Retour de la requete: [
  [
    {
      Id_account: 6,
      email: 'maxoa59@gmail.com',
      password: '/HMEW4OGrF4KThrKnj9lfuWkWLVzKiOeRIxZU08GfcofVjozJXlr.',
      createdBy: 'site',
      createdAt: null,
      deletedBy: null,
      deletedAt: null,
      modifiedBy: null,
      modifiedAt: null
    }
  ]
] 
27/04/23 20:36:19 :: ---> Sortie de la method QUERY de database.service. // 
27/04/23 20:36:19 :: ++ L'utilisateur (account) trouvé est : {
  Id_account: 6,
  email: 'maxoa59@gmail.com',
  password: '/HMEW4OGrF4KThrKnj9lfuWkWLVzKiOeRIxZU08GfcofVjozJXlr.',
  createdBy: 'site',
  createdAt: null,
  deletedBy: null,
  deletedAt: null,
  modifiedBy: null,
  modifiedAt: null
} 
27/04/23 20:36:19 :: Comparons les mots de passe reçus : true 
27/04/23 20:36:19 :: // Appel de la method QUERY de database.service. // 
27/04/23 20:36:19 :: => Requete appelée: SELECT * FROM customer WHERE Id_account = ? 
27/04/23 20:36:19 :: ==>Retour de la requete: [
  [
    {
      Id_customer: 5,
      pseudo: 'Secutor',
      firstname: 'Maxence',
      lastname: 'ALLART',
      last_connection: 2023-04-27T20:35:35.000Z,
      createdBy: null,
      createdAt: null,
      deletedBy: null,
      deletedAt: null,
      modifiedBy: null,
      modifiedAt: null,
      Id_account: 6,
      Id_role: 1
    }
  ]
] 
27/04/23 20:36:19 :: ++ Customer trouvé est : {
  Id_customer: 5,
  pseudo: 'Secutor',
  firstname: 'Maxence',
  lastname: 'ALLART',
  last_connection: 2023-04-27T20:35:35.000Z,
  createdBy: null,
  createdAt: null,
  deletedBy: null,
  deletedAt: null,
  modifiedBy: null,
  modifiedAt: null,
  Id_account: 6,
  Id_role: 1
} 
27/04/23 20:36:19 :: // Appel de la method QUERY de database.service. // 
27/04/23 20:36:19 :: ---> Sortie de la method QUERY de database.service. // 
27/04/23 20:36:19 :: => Requete appelée: SELECT * FROM role WHERE Id_role = ? 
27/04/23 20:36:19 :: ==>Retour de la requete: [ [ { Id_role: 1, title: 'user' } ] ] 
27/04/23 20:36:19 :: ++ Le customer trouvé est du role: { Id_role: 1, title: 'user' } 
27/04/23 20:36:19 :: // Appel de la method QUERY de database.service. // 
27/04/23 20:36:19 :: ---> Sortie de la method QUERY de database.service. // 
27/04/23 20:36:19 :: => Requete appelée: 
    UPDATE customer
    SET last_connection = NOW()
    WHERE Id_customer = ?;
     
27/04/23 20:36:19 :: ==>Retour de la requete: [
  ResultSetHeader {
    fieldCount: 0,
    affectedRows: 1,
    insertId: 0,
    info: 'Enregistrements correspondants: 1  Modifiés: 1  Warnings: 0',
    serverStatus: 2,
    warningStatus: 0
  }
] 
27/04/23 20:36:19 :: ---> Sortie de la method QUERY de database.service. // 
27/04/23 20:36:19 :: Login successful ! sending token and refreshToken (httpOnly) 
27/04/23 20:47:36 :: handle Auth route taken, there is accessToken found undefined 
27/04/23 20:47:36 :: handle Auth route taken, there is accessToken found undefined 
27/04/23 20:47:36 :: // Appel de la fonction refreshToken 
27/04/23 20:47:36 :: test de req.cookies?.refreshToken eyJhbGciOiJIUzI1NiIsInR5cCI6IkpXVCJ9.eyJJZF9hY2NvdW50Ijo2LCJlbWFpbCI6Im1heG9hNTlAZ21haWwuY29tIiwicGFzc3dvcmQiOiIvSE1FVzRPR3JGNEtUaHJLbmo5bGZ1V2tXTFZ6S2lPZVJJeFpVMDhHZmNvZlZqb3pKWGxyLiIsImNyZWF0ZWRCeSI6bnVsbCwiY3JlYXRlZEF0IjpudWxsLCJkZWxldGVkQnkiOm51bGwsImRlbGV0ZWRBdCI6bnVsbCwibW9kaWZpZWRCeSI6bnVsbCwibW9kaWZpZWRBdCI6bnVsbCwiSWRfY3VzdG9tZXIiOjUsInBzZXVkbyI6IlNlY3V0b3IiLCJmaXJzdG5hbWUiOiJNYXhlbmNlIiwibGFzdG5hbWUiOiJBTExBUlQiLCJsYXN0X2Nvbm5lY3Rpb24iOiIyMDIzLTA0LTI3VDIwOjM1OjM1LjAwMFoiLCJJZF9yb2xlIjoxLCJyb2xlIjoidXNlciIsImlhdCI6MTY4MjYyNzc3OSwiZXhwIjoxNjgzNDkxNzc5fQ.OSgStQKvDC6c2sJoGJ_xmQwp5Zl2lPkgFQa9q1Sb2eI 
27/04/23 20:47:36 :: Réception du cookie suivant : eyJhbGciOiJIUzI1NiIsInR5cCI6IkpXVCJ9.eyJJZF9hY2NvdW50Ijo2LCJlbWFpbCI6Im1heG9hNTlAZ21haWwuY29tIiwicGFzc3dvcmQiOiIvSE1FVzRPR3JGNEtUaHJLbmo5bGZ1V2tXTFZ6S2lPZVJJeFpVMDhHZmNvZlZqb3pKWGxyLiIsImNyZWF0ZWRCeSI6bnVsbCwiY3JlYXRlZEF0IjpudWxsLCJkZWxldGVkQnkiOm51bGwsImRlbGV0ZWRBdCI6bnVsbCwibW9kaWZpZWRCeSI6bnVsbCwibW9kaWZpZWRBdCI6bnVsbCwiSWRfY3VzdG9tZXIiOjUsInBzZXVkbyI6IlNlY3V0b3IiLCJmaXJzdG5hbWUiOiJNYXhlbmNlIiwibGFzdG5hbWUiOiJBTExBUlQiLCJsYXN0X2Nvbm5lY3Rpb24iOiIyMDIzLTA0LTI3VDIwOjM1OjM1LjAwMFoiLCJJZF9yb2xlIjoxLCJyb2xlIjoidXNlciIsImlhdCI6MTY4MjYyNzc3OSwiZXhwIjoxNjgzNDkxNzc5fQ.OSgStQKvDC6c2sJoGJ_xmQwp5Zl2lPkgFQa9q1Sb2eI 
27/04/23 20:47:36 :: yo le decoded refreshToken is : {
  Id_account: 6,
  email: 'maxoa59@gmail.com',
  password: '/HMEW4OGrF4KThrKnj9lfuWkWLVzKiOeRIxZU08GfcofVjozJXlr.',
  createdBy: null,
  createdAt: null,
  deletedBy: null,
  deletedAt: null,
  modifiedBy: null,
  modifiedAt: null,
  Id_customer: 5,
  pseudo: 'Secutor',
  firstname: 'Maxence',
  lastname: 'ALLART',
  last_connection: '2023-04-27T20:35:35.000Z',
  Id_role: 1,
  role: 'user',
  iat: 1682627779,
  exp: 1683491779
} 
27/04/23 20:47:36 :: // Appel de la method QUERY de database.service. // 
27/04/23 20:47:36 :: => Requete appelée: SELECT * FROM account WHERE Id_account = ? 
27/04/23 20:47:36 :: ==>Retour de la requete: [
  [
    {
      Id_account: 6,
      email: 'maxoa59@gmail.com',
      password: '/HMEW4OGrF4KThrKnj9lfuWkWLVzKiOeRIxZU08GfcofVjozJXlr.',
      createdBy: 'site',
      createdAt: null,
      deletedBy: null,
      deletedAt: null,
      modifiedBy: null,
      modifiedAt: null
    }
  ]
] 
27/04/23 20:47:36 :: ++ L'utilisateur trouvé est : {
  Id_account: 6,
  email: 'maxoa59@gmail.com',
  password: '/HMEW4OGrF4KThrKnj9lfuWkWLVzKiOeRIxZU08GfcofVjozJXlr.',
  createdBy: 'site',
  createdAt: null,
  deletedBy: null,
  deletedAt: null,
  modifiedBy: null,
  modifiedAt: null
} 
27/04/23 20:47:36 :: ---> Sortie de la method QUERY de database.service. // 
27/04/23 20:47:36 :: // Appel de la method QUERY de database.service. // 
27/04/23 20:47:36 :: => Requete appelée: SELECT * FROM customer WHERE Id_account = ? 
27/04/23 20:47:36 :: ==>Retour de la requete: [
  [
    {
      Id_customer: 5,
      pseudo: 'Secutor',
      firstname: 'Maxence',
      lastname: 'ALLART',
      last_connection: 2023-04-27T20:36:19.000Z,
      createdBy: null,
      createdAt: null,
      deletedBy: null,
      deletedAt: null,
      modifiedBy: null,
      modifiedAt: null,
      Id_account: 6,
      Id_role: 1
    }
  ]
] 
27/04/23 20:47:36 :: ++ Customer trouvé est : {
  Id_customer: 5,
  pseudo: 'Secutor',
  firstname: 'Maxence',
  lastname: 'ALLART',
  last_connection: 2023-04-27T20:36:19.000Z,
  createdBy: null,
  createdAt: null,
  deletedBy: null,
  deletedAt: null,
  modifiedBy: null,
  modifiedAt: null,
  Id_account: 6,
  Id_role: 1
} 
27/04/23 20:47:36 :: __ Génération d'un nouveau token d'access grace au token refresh sécurisé ! 
27/04/23 20:47:36 :: ---> Sortie de la method QUERY de database.service. // 
27/04/23 20:47:36 :: // Appel de la fonction refreshToken 
27/04/23 20:47:36 :: test de req.cookies?.refreshToken eyJhbGciOiJIUzI1NiIsInR5cCI6IkpXVCJ9.eyJJZF9hY2NvdW50Ijo2LCJlbWFpbCI6Im1heG9hNTlAZ21haWwuY29tIiwicGFzc3dvcmQiOiIvSE1FVzRPR3JGNEtUaHJLbmo5bGZ1V2tXTFZ6S2lPZVJJeFpVMDhHZmNvZlZqb3pKWGxyLiIsImNyZWF0ZWRCeSI6bnVsbCwiY3JlYXRlZEF0IjpudWxsLCJkZWxldGVkQnkiOm51bGwsImRlbGV0ZWRBdCI6bnVsbCwibW9kaWZpZWRCeSI6bnVsbCwibW9kaWZpZWRBdCI6bnVsbCwiSWRfY3VzdG9tZXIiOjUsInBzZXVkbyI6IlNlY3V0b3IiLCJmaXJzdG5hbWUiOiJNYXhlbmNlIiwibGFzdG5hbWUiOiJBTExBUlQiLCJsYXN0X2Nvbm5lY3Rpb24iOiIyMDIzLTA0LTI3VDIwOjM1OjM1LjAwMFoiLCJJZF9yb2xlIjoxLCJyb2xlIjoidXNlciIsImlhdCI6MTY4MjYyNzc3OSwiZXhwIjoxNjgzNDkxNzc5fQ.OSgStQKvDC6c2sJoGJ_xmQwp5Zl2lPkgFQa9q1Sb2eI 
27/04/23 20:47:36 :: Réception du cookie suivant : eyJhbGciOiJIUzI1NiIsInR5cCI6IkpXVCJ9.eyJJZF9hY2NvdW50Ijo2LCJlbWFpbCI6Im1heG9hNTlAZ21haWwuY29tIiwicGFzc3dvcmQiOiIvSE1FVzRPR3JGNEtUaHJLbmo5bGZ1V2tXTFZ6S2lPZVJJeFpVMDhHZmNvZlZqb3pKWGxyLiIsImNyZWF0ZWRCeSI6bnVsbCwiY3JlYXRlZEF0IjpudWxsLCJkZWxldGVkQnkiOm51bGwsImRlbGV0ZWRBdCI6bnVsbCwibW9kaWZpZWRCeSI6bnVsbCwibW9kaWZpZWRBdCI6bnVsbCwiSWRfY3VzdG9tZXIiOjUsInBzZXVkbyI6IlNlY3V0b3IiLCJmaXJzdG5hbWUiOiJNYXhlbmNlIiwibGFzdG5hbWUiOiJBTExBUlQiLCJsYXN0X2Nvbm5lY3Rpb24iOiIyMDIzLTA0LTI3VDIwOjM1OjM1LjAwMFoiLCJJZF9yb2xlIjoxLCJyb2xlIjoidXNlciIsImlhdCI6MTY4MjYyNzc3OSwiZXhwIjoxNjgzNDkxNzc5fQ.OSgStQKvDC6c2sJoGJ_xmQwp5Zl2lPkgFQa9q1Sb2eI 
27/04/23 20:47:36 :: yo le decoded refreshToken is : {
  Id_account: 6,
  email: 'maxoa59@gmail.com',
  password: '/HMEW4OGrF4KThrKnj9lfuWkWLVzKiOeRIxZU08GfcofVjozJXlr.',
  createdBy: null,
  createdAt: null,
  deletedBy: null,
  deletedAt: null,
  modifiedBy: null,
  modifiedAt: null,
  Id_customer: 5,
  pseudo: 'Secutor',
  firstname: 'Maxence',
  lastname: 'ALLART',
  last_connection: '2023-04-27T20:35:35.000Z',
  Id_role: 1,
  role: 'user',
  iat: 1682627779,
  exp: 1683491779
} 
27/04/23 20:47:36 :: => Requete appelée: SELECT * FROM account WHERE Id_account = ? 
27/04/23 20:47:36 :: // Appel de la method QUERY de database.service. // 
27/04/23 20:47:36 :: ==>Retour de la requete: [
  [
    {
      Id_account: 6,
      email: 'maxoa59@gmail.com',
      password: '/HMEW4OGrF4KThrKnj9lfuWkWLVzKiOeRIxZU08GfcofVjozJXlr.',
      createdBy: 'site',
      createdAt: null,
      deletedBy: null,
      deletedAt: null,
      modifiedBy: null,
      modifiedAt: null
    }
  ]
] 
27/04/23 20:47:36 :: ---> Sortie de la method QUERY de database.service. // 
27/04/23 20:47:36 :: ++ L'utilisateur trouvé est : {
  Id_account: 6,
  email: 'maxoa59@gmail.com',
  password: '/HMEW4OGrF4KThrKnj9lfuWkWLVzKiOeRIxZU08GfcofVjozJXlr.',
  createdBy: 'site',
  createdAt: null,
  deletedBy: null,
  deletedAt: null,
  modifiedBy: null,
  modifiedAt: null
} 
27/04/23 20:47:36 :: // Appel de la method QUERY de database.service. // 
27/04/23 20:47:36 :: ---> Sortie de la method QUERY de database.service. // 
27/04/23 20:47:36 :: ==>Retour de la requete: [
  [
    {
      Id_customer: 5,
      pseudo: 'Secutor',
      firstname: 'Maxence',
      lastname: 'ALLART',
      last_connection: 2023-04-27T20:36:19.000Z,
      createdBy: null,
      createdAt: null,
      deletedBy: null,
      deletedAt: null,
      modifiedBy: null,
      modifiedAt: null,
      Id_account: 6,
      Id_role: 1
    }
  ]
] 
27/04/23 20:47:36 :: => Requete appelée: SELECT * FROM customer WHERE Id_account = ? 
27/04/23 20:47:36 :: __ Génération d'un nouveau token d'access grace au token refresh sécurisé ! 
27/04/23 20:47:36 :: ++ Customer trouvé est : {
  Id_customer: 5,
  pseudo: 'Secutor',
  firstname: 'Maxence',
  lastname: 'ALLART',
  last_connection: 2023-04-27T20:36:19.000Z,
  createdBy: null,
  createdAt: null,
  deletedBy: null,
  deletedAt: null,
  modifiedBy: null,
  modifiedAt: null,
  Id_account: 6,
  Id_role: 1
} 
27/04/23 20:47:36 :: handle Auth route taken, there is accessToken found eyJhbGciOiJIUzI1NiIsInR5cCI6IkpXVCJ9.eyJJZF9hY2NvdW50Ijo2LCJlbWFpbCI6Im1heG9hNTlAZ21haWwuY29tIiwicGFzc3dvcmQiOiIvSE1FVzRPR3JGNEtUaHJLbmo5bGZ1V2tXTFZ6S2lPZVJJeFpVMDhHZmNvZlZqb3pKWGxyLiIsImNyZWF0ZWRCeSI6bnVsbCwiY3JlYXRlZEF0IjpudWxsLCJkZWxldGVkQnkiOm51bGwsImRlbGV0ZWRBdCI6bnVsbCwibW9kaWZpZWRCeSI6bnVsbCwibW9kaWZpZWRBdCI6bnVsbCwiSWRfY3VzdG9tZXIiOjUsInBzZXVkbyI6IlNlY3V0b3IiLCJmaXJzdG5hbWUiOiJNYXhlbmNlIiwibGFzdG5hbWUiOiJBTExBUlQiLCJsYXN0X2Nvbm5lY3Rpb24iOiIyMDIzLTA0LTI3VDIwOjM2OjE5LjAwMFoiLCJJZF9yb2xlIjoxLCJpYXQiOjE2ODI2Mjg0NTYsImV4cCI6MTY4MjYzMjA1Nn0.FAs-3IbWtVVgDZX2B8V1LYnDmbGribcF8tbUiohvnFs 
27/04/23 20:47:36 :: handle Auth route taken, there is accessToken found eyJhbGciOiJIUzI1NiIsInR5cCI6IkpXVCJ9.eyJJZF9hY2NvdW50Ijo2LCJlbWFpbCI6Im1heG9hNTlAZ21haWwuY29tIiwicGFzc3dvcmQiOiIvSE1FVzRPR3JGNEtUaHJLbmo5bGZ1V2tXTFZ6S2lPZVJJeFpVMDhHZmNvZlZqb3pKWGxyLiIsImNyZWF0ZWRCeSI6bnVsbCwiY3JlYXRlZEF0IjpudWxsLCJkZWxldGVkQnkiOm51bGwsImRlbGV0ZWRBdCI6bnVsbCwibW9kaWZpZWRCeSI6bnVsbCwibW9kaWZpZWRBdCI6bnVsbCwiSWRfY3VzdG9tZXIiOjUsInBzZXVkbyI6IlNlY3V0b3IiLCJmaXJzdG5hbWUiOiJNYXhlbmNlIiwibGFzdG5hbWUiOiJBTExBUlQiLCJsYXN0X2Nvbm5lY3Rpb24iOiIyMDIzLTA0LTI3VDIwOjM2OjE5LjAwMFoiLCJJZF9yb2xlIjoxLCJpYXQiOjE2ODI2Mjg0NTYsImV4cCI6MTY4MjYzMjA1Nn0.FAs-3IbWtVVgDZX2B8V1LYnDmbGribcF8tbUiohvnFs 
27/04/23 20:48:51 :: handle Auth route taken, there is accessToken found eyJhbGciOiJIUzI1NiIsInR5cCI6IkpXVCJ9.eyJJZF9hY2NvdW50Ijo2LCJlbWFpbCI6Im1heG9hNTlAZ21haWwuY29tIiwicGFzc3dvcmQiOiIvSE1FVzRPR3JGNEtUaHJLbmo5bGZ1V2tXTFZ6S2lPZVJJeFpVMDhHZmNvZlZqb3pKWGxyLiIsImNyZWF0ZWRCeSI6bnVsbCwiY3JlYXRlZEF0IjpudWxsLCJkZWxldGVkQnkiOm51bGwsImRlbGV0ZWRBdCI6bnVsbCwibW9kaWZpZWRCeSI6bnVsbCwibW9kaWZpZWRBdCI6bnVsbCwiSWRfY3VzdG9tZXIiOjUsInBzZXVkbyI6IlNlY3V0b3IiLCJmaXJzdG5hbWUiOiJNYXhlbmNlIiwibGFzdG5hbWUiOiJBTExBUlQiLCJsYXN0X2Nvbm5lY3Rpb24iOiIyMDIzLTA0LTI3VDIwOjM2OjE5LjAwMFoiLCJJZF9yb2xlIjoxLCJpYXQiOjE2ODI2Mjg0NTYsImV4cCI6MTY4MjYzMjA1Nn0.FAs-3IbWtVVgDZX2B8V1LYnDmbGribcF8tbUiohvnFs 
27/04/23 20:48:51 :: handle Auth route taken, there is accessToken found eyJhbGciOiJIUzI1NiIsInR5cCI6IkpXVCJ9.eyJJZF9hY2NvdW50Ijo2LCJlbWFpbCI6Im1heG9hNTlAZ21haWwuY29tIiwicGFzc3dvcmQiOiIvSE1FVzRPR3JGNEtUaHJLbmo5bGZ1V2tXTFZ6S2lPZVJJeFpVMDhHZmNvZlZqb3pKWGxyLiIsImNyZWF0ZWRCeSI6bnVsbCwiY3JlYXRlZEF0IjpudWxsLCJkZWxldGVkQnkiOm51bGwsImRlbGV0ZWRBdCI6bnVsbCwibW9kaWZpZWRCeSI6bnVsbCwibW9kaWZpZWRBdCI6bnVsbCwiSWRfY3VzdG9tZXIiOjUsInBzZXVkbyI6IlNlY3V0b3IiLCJmaXJzdG5hbWUiOiJNYXhlbmNlIiwibGFzdG5hbWUiOiJBTExBUlQiLCJsYXN0X2Nvbm5lY3Rpb24iOiIyMDIzLTA0LTI3VDIwOjM2OjE5LjAwMFoiLCJJZF9yb2xlIjoxLCJpYXQiOjE2ODI2Mjg0NTYsImV4cCI6MTY4MjYzMjA1Nn0.FAs-3IbWtVVgDZX2B8V1LYnDmbGribcF8tbUiohvnFs 
27/04/23 20:49:26 :: handle Auth route taken, there is accessToken found eyJhbGciOiJIUzI1NiIsInR5cCI6IkpXVCJ9.eyJJZF9hY2NvdW50Ijo2LCJlbWFpbCI6Im1heG9hNTlAZ21haWwuY29tIiwicGFzc3dvcmQiOiIvSE1FVzRPR3JGNEtUaHJLbmo5bGZ1V2tXTFZ6S2lPZVJJeFpVMDhHZmNvZlZqb3pKWGxyLiIsImNyZWF0ZWRCeSI6bnVsbCwiY3JlYXRlZEF0IjpudWxsLCJkZWxldGVkQnkiOm51bGwsImRlbGV0ZWRBdCI6bnVsbCwibW9kaWZpZWRCeSI6bnVsbCwibW9kaWZpZWRBdCI6bnVsbCwiSWRfY3VzdG9tZXIiOjUsInBzZXVkbyI6IlNlY3V0b3IiLCJmaXJzdG5hbWUiOiJNYXhlbmNlIiwibGFzdG5hbWUiOiJBTExBUlQiLCJsYXN0X2Nvbm5lY3Rpb24iOiIyMDIzLTA0LTI3VDIwOjM2OjE5LjAwMFoiLCJJZF9yb2xlIjoxLCJpYXQiOjE2ODI2Mjg0NTYsImV4cCI6MTY4MjYzMjA1Nn0.FAs-3IbWtVVgDZX2B8V1LYnDmbGribcF8tbUiohvnFs 
27/04/23 20:49:26 :: handle Auth route taken, there is accessToken found eyJhbGciOiJIUzI1NiIsInR5cCI6IkpXVCJ9.eyJJZF9hY2NvdW50Ijo2LCJlbWFpbCI6Im1heG9hNTlAZ21haWwuY29tIiwicGFzc3dvcmQiOiIvSE1FVzRPR3JGNEtUaHJLbmo5bGZ1V2tXTFZ6S2lPZVJJeFpVMDhHZmNvZlZqb3pKWGxyLiIsImNyZWF0ZWRCeSI6bnVsbCwiY3JlYXRlZEF0IjpudWxsLCJkZWxldGVkQnkiOm51bGwsImRlbGV0ZWRBdCI6bnVsbCwibW9kaWZpZWRCeSI6bnVsbCwibW9kaWZpZWRBdCI6bnVsbCwiSWRfY3VzdG9tZXIiOjUsInBzZXVkbyI6IlNlY3V0b3IiLCJmaXJzdG5hbWUiOiJNYXhlbmNlIiwibGFzdG5hbWUiOiJBTExBUlQiLCJsYXN0X2Nvbm5lY3Rpb24iOiIyMDIzLTA0LTI3VDIwOjM2OjE5LjAwMFoiLCJJZF9yb2xlIjoxLCJpYXQiOjE2ODI2Mjg0NTYsImV4cCI6MTY4MjYzMjA1Nn0.FAs-3IbWtVVgDZX2B8V1LYnDmbGribcF8tbUiohvnFs 
27/04/23 20:50:04 :: handle Auth route taken, there is accessToken found eyJhbGciOiJIUzI1NiIsInR5cCI6IkpXVCJ9.eyJJZF9hY2NvdW50Ijo2LCJlbWFpbCI6Im1heG9hNTlAZ21haWwuY29tIiwicGFzc3dvcmQiOiIvSE1FVzRPR3JGNEtUaHJLbmo5bGZ1V2tXTFZ6S2lPZVJJeFpVMDhHZmNvZlZqb3pKWGxyLiIsImNyZWF0ZWRCeSI6bnVsbCwiY3JlYXRlZEF0IjpudWxsLCJkZWxldGVkQnkiOm51bGwsImRlbGV0ZWRBdCI6bnVsbCwibW9kaWZpZWRCeSI6bnVsbCwibW9kaWZpZWRBdCI6bnVsbCwiSWRfY3VzdG9tZXIiOjUsInBzZXVkbyI6IlNlY3V0b3IiLCJmaXJzdG5hbWUiOiJNYXhlbmNlIiwibGFzdG5hbWUiOiJBTExBUlQiLCJsYXN0X2Nvbm5lY3Rpb24iOiIyMDIzLTA0LTI3VDIwOjM2OjE5LjAwMFoiLCJJZF9yb2xlIjoxLCJpYXQiOjE2ODI2Mjg0NTYsImV4cCI6MTY4MjYzMjA1Nn0.FAs-3IbWtVVgDZX2B8V1LYnDmbGribcF8tbUiohvnFs 
27/04/23 20:50:04 :: handle Auth route taken, there is accessToken found eyJhbGciOiJIUzI1NiIsInR5cCI6IkpXVCJ9.eyJJZF9hY2NvdW50Ijo2LCJlbWFpbCI6Im1heG9hNTlAZ21haWwuY29tIiwicGFzc3dvcmQiOiIvSE1FVzRPR3JGNEtUaHJLbmo5bGZ1V2tXTFZ6S2lPZVJJeFpVMDhHZmNvZlZqb3pKWGxyLiIsImNyZWF0ZWRCeSI6bnVsbCwiY3JlYXRlZEF0IjpudWxsLCJkZWxldGVkQnkiOm51bGwsImRlbGV0ZWRBdCI6bnVsbCwibW9kaWZpZWRCeSI6bnVsbCwibW9kaWZpZWRBdCI6bnVsbCwiSWRfY3VzdG9tZXIiOjUsInBzZXVkbyI6IlNlY3V0b3IiLCJmaXJzdG5hbWUiOiJNYXhlbmNlIiwibGFzdG5hbWUiOiJBTExBUlQiLCJsYXN0X2Nvbm5lY3Rpb24iOiIyMDIzLTA0LTI3VDIwOjM2OjE5LjAwMFoiLCJJZF9yb2xlIjoxLCJpYXQiOjE2ODI2Mjg0NTYsImV4cCI6MTY4MjYzMjA1Nn0.FAs-3IbWtVVgDZX2B8V1LYnDmbGribcF8tbUiohvnFs 
27/04/23 20:51:25 :: handle Auth route taken, there is accessToken found eyJhbGciOiJIUzI1NiIsInR5cCI6IkpXVCJ9.eyJJZF9hY2NvdW50Ijo2LCJlbWFpbCI6Im1heG9hNTlAZ21haWwuY29tIiwicGFzc3dvcmQiOiIvSE1FVzRPR3JGNEtUaHJLbmo5bGZ1V2tXTFZ6S2lPZVJJeFpVMDhHZmNvZlZqb3pKWGxyLiIsImNyZWF0ZWRCeSI6bnVsbCwiY3JlYXRlZEF0IjpudWxsLCJkZWxldGVkQnkiOm51bGwsImRlbGV0ZWRBdCI6bnVsbCwibW9kaWZpZWRCeSI6bnVsbCwibW9kaWZpZWRBdCI6bnVsbCwiSWRfY3VzdG9tZXIiOjUsInBzZXVkbyI6IlNlY3V0b3IiLCJmaXJzdG5hbWUiOiJNYXhlbmNlIiwibGFzdG5hbWUiOiJBTExBUlQiLCJsYXN0X2Nvbm5lY3Rpb24iOiIyMDIzLTA0LTI3VDIwOjM2OjE5LjAwMFoiLCJJZF9yb2xlIjoxLCJpYXQiOjE2ODI2Mjg0NTYsImV4cCI6MTY4MjYzMjA1Nn0.FAs-3IbWtVVgDZX2B8V1LYnDmbGribcF8tbUiohvnFs 
27/04/23 20:51:25 :: handle Auth route taken, there is accessToken found eyJhbGciOiJIUzI1NiIsInR5cCI6IkpXVCJ9.eyJJZF9hY2NvdW50Ijo2LCJlbWFpbCI6Im1heG9hNTlAZ21haWwuY29tIiwicGFzc3dvcmQiOiIvSE1FVzRPR3JGNEtUaHJLbmo5bGZ1V2tXTFZ6S2lPZVJJeFpVMDhHZmNvZlZqb3pKWGxyLiIsImNyZWF0ZWRCeSI6bnVsbCwiY3JlYXRlZEF0IjpudWxsLCJkZWxldGVkQnkiOm51bGwsImRlbGV0ZWRBdCI6bnVsbCwibW9kaWZpZWRCeSI6bnVsbCwibW9kaWZpZWRBdCI6bnVsbCwiSWRfY3VzdG9tZXIiOjUsInBzZXVkbyI6IlNlY3V0b3IiLCJmaXJzdG5hbWUiOiJNYXhlbmNlIiwibGFzdG5hbWUiOiJBTExBUlQiLCJsYXN0X2Nvbm5lY3Rpb24iOiIyMDIzLTA0LTI3VDIwOjM2OjE5LjAwMFoiLCJJZF9yb2xlIjoxLCJpYXQiOjE2ODI2Mjg0NTYsImV4cCI6MTY4MjYzMjA1Nn0.FAs-3IbWtVVgDZX2B8V1LYnDmbGribcF8tbUiohvnFs 
27/04/23 20:51:36 :: handle Auth route taken, there is accessToken found eyJhbGciOiJIUzI1NiIsInR5cCI6IkpXVCJ9.eyJJZF9hY2NvdW50Ijo2LCJlbWFpbCI6Im1heG9hNTlAZ21haWwuY29tIiwicGFzc3dvcmQiOiIvSE1FVzRPR3JGNEtUaHJLbmo5bGZ1V2tXTFZ6S2lPZVJJeFpVMDhHZmNvZlZqb3pKWGxyLiIsImNyZWF0ZWRCeSI6bnVsbCwiY3JlYXRlZEF0IjpudWxsLCJkZWxldGVkQnkiOm51bGwsImRlbGV0ZWRBdCI6bnVsbCwibW9kaWZpZWRCeSI6bnVsbCwibW9kaWZpZWRBdCI6bnVsbCwiSWRfY3VzdG9tZXIiOjUsInBzZXVkbyI6IlNlY3V0b3IiLCJmaXJzdG5hbWUiOiJNYXhlbmNlIiwibGFzdG5hbWUiOiJBTExBUlQiLCJsYXN0X2Nvbm5lY3Rpb24iOiIyMDIzLTA0LTI3VDIwOjM2OjE5LjAwMFoiLCJJZF9yb2xlIjoxLCJpYXQiOjE2ODI2Mjg0NTYsImV4cCI6MTY4MjYzMjA1Nn0.FAs-3IbWtVVgDZX2B8V1LYnDmbGribcF8tbUiohvnFs 
27/04/23 20:51:36 :: handle Auth route taken, there is accessToken found eyJhbGciOiJIUzI1NiIsInR5cCI6IkpXVCJ9.eyJJZF9hY2NvdW50Ijo2LCJlbWFpbCI6Im1heG9hNTlAZ21haWwuY29tIiwicGFzc3dvcmQiOiIvSE1FVzRPR3JGNEtUaHJLbmo5bGZ1V2tXTFZ6S2lPZVJJeFpVMDhHZmNvZlZqb3pKWGxyLiIsImNyZWF0ZWRCeSI6bnVsbCwiY3JlYXRlZEF0IjpudWxsLCJkZWxldGVkQnkiOm51bGwsImRlbGV0ZWRBdCI6bnVsbCwibW9kaWZpZWRCeSI6bnVsbCwibW9kaWZpZWRBdCI6bnVsbCwiSWRfY3VzdG9tZXIiOjUsInBzZXVkbyI6IlNlY3V0b3IiLCJmaXJzdG5hbWUiOiJNYXhlbmNlIiwibGFzdG5hbWUiOiJBTExBUlQiLCJsYXN0X2Nvbm5lY3Rpb24iOiIyMDIzLTA0LTI3VDIwOjM2OjE5LjAwMFoiLCJJZF9yb2xlIjoxLCJpYXQiOjE2ODI2Mjg0NTYsImV4cCI6MTY4MjYzMjA1Nn0.FAs-3IbWtVVgDZX2B8V1LYnDmbGribcF8tbUiohvnFs 
27/04/23 20:51:49 :: handle Auth route taken, there is accessToken found eyJhbGciOiJIUzI1NiIsInR5cCI6IkpXVCJ9.eyJJZF9hY2NvdW50Ijo2LCJlbWFpbCI6Im1heG9hNTlAZ21haWwuY29tIiwicGFzc3dvcmQiOiIvSE1FVzRPR3JGNEtUaHJLbmo5bGZ1V2tXTFZ6S2lPZVJJeFpVMDhHZmNvZlZqb3pKWGxyLiIsImNyZWF0ZWRCeSI6bnVsbCwiY3JlYXRlZEF0IjpudWxsLCJkZWxldGVkQnkiOm51bGwsImRlbGV0ZWRBdCI6bnVsbCwibW9kaWZpZWRCeSI6bnVsbCwibW9kaWZpZWRBdCI6bnVsbCwiSWRfY3VzdG9tZXIiOjUsInBzZXVkbyI6IlNlY3V0b3IiLCJmaXJzdG5hbWUiOiJNYXhlbmNlIiwibGFzdG5hbWUiOiJBTExBUlQiLCJsYXN0X2Nvbm5lY3Rpb24iOiIyMDIzLTA0LTI3VDIwOjM2OjE5LjAwMFoiLCJJZF9yb2xlIjoxLCJpYXQiOjE2ODI2Mjg0NTYsImV4cCI6MTY4MjYzMjA1Nn0.FAs-3IbWtVVgDZX2B8V1LYnDmbGribcF8tbUiohvnFs 
27/04/23 20:51:49 :: handle Auth route taken, there is accessToken found eyJhbGciOiJIUzI1NiIsInR5cCI6IkpXVCJ9.eyJJZF9hY2NvdW50Ijo2LCJlbWFpbCI6Im1heG9hNTlAZ21haWwuY29tIiwicGFzc3dvcmQiOiIvSE1FVzRPR3JGNEtUaHJLbmo5bGZ1V2tXTFZ6S2lPZVJJeFpVMDhHZmNvZlZqb3pKWGxyLiIsImNyZWF0ZWRCeSI6bnVsbCwiY3JlYXRlZEF0IjpudWxsLCJkZWxldGVkQnkiOm51bGwsImRlbGV0ZWRBdCI6bnVsbCwibW9kaWZpZWRCeSI6bnVsbCwibW9kaWZpZWRBdCI6bnVsbCwiSWRfY3VzdG9tZXIiOjUsInBzZXVkbyI6IlNlY3V0b3IiLCJmaXJzdG5hbWUiOiJNYXhlbmNlIiwibGFzdG5hbWUiOiJBTExBUlQiLCJsYXN0X2Nvbm5lY3Rpb24iOiIyMDIzLTA0LTI3VDIwOjM2OjE5LjAwMFoiLCJJZF9yb2xlIjoxLCJpYXQiOjE2ODI2Mjg0NTYsImV4cCI6MTY4MjYzMjA1Nn0.FAs-3IbWtVVgDZX2B8V1LYnDmbGribcF8tbUiohvnFs 
27/04/23 20:52:41 :: handle Auth route taken, there is accessToken found eyJhbGciOiJIUzI1NiIsInR5cCI6IkpXVCJ9.eyJJZF9hY2NvdW50Ijo2LCJlbWFpbCI6Im1heG9hNTlAZ21haWwuY29tIiwicGFzc3dvcmQiOiIvSE1FVzRPR3JGNEtUaHJLbmo5bGZ1V2tXTFZ6S2lPZVJJeFpVMDhHZmNvZlZqb3pKWGxyLiIsImNyZWF0ZWRCeSI6bnVsbCwiY3JlYXRlZEF0IjpudWxsLCJkZWxldGVkQnkiOm51bGwsImRlbGV0ZWRBdCI6bnVsbCwibW9kaWZpZWRCeSI6bnVsbCwibW9kaWZpZWRBdCI6bnVsbCwiSWRfY3VzdG9tZXIiOjUsInBzZXVkbyI6IlNlY3V0b3IiLCJmaXJzdG5hbWUiOiJNYXhlbmNlIiwibGFzdG5hbWUiOiJBTExBUlQiLCJsYXN0X2Nvbm5lY3Rpb24iOiIyMDIzLTA0LTI3VDIwOjM2OjE5LjAwMFoiLCJJZF9yb2xlIjoxLCJpYXQiOjE2ODI2Mjg0NTYsImV4cCI6MTY4MjYzMjA1Nn0.FAs-3IbWtVVgDZX2B8V1LYnDmbGribcF8tbUiohvnFs 
27/04/23 20:52:41 :: handle Auth route taken, there is accessToken found eyJhbGciOiJIUzI1NiIsInR5cCI6IkpXVCJ9.eyJJZF9hY2NvdW50Ijo2LCJlbWFpbCI6Im1heG9hNTlAZ21haWwuY29tIiwicGFzc3dvcmQiOiIvSE1FVzRPR3JGNEtUaHJLbmo5bGZ1V2tXTFZ6S2lPZVJJeFpVMDhHZmNvZlZqb3pKWGxyLiIsImNyZWF0ZWRCeSI6bnVsbCwiY3JlYXRlZEF0IjpudWxsLCJkZWxldGVkQnkiOm51bGwsImRlbGV0ZWRBdCI6bnVsbCwibW9kaWZpZWRCeSI6bnVsbCwibW9kaWZpZWRBdCI6bnVsbCwiSWRfY3VzdG9tZXIiOjUsInBzZXVkbyI6IlNlY3V0b3IiLCJmaXJzdG5hbWUiOiJNYXhlbmNlIiwibGFzdG5hbWUiOiJBTExBUlQiLCJsYXN0X2Nvbm5lY3Rpb24iOiIyMDIzLTA0LTI3VDIwOjM2OjE5LjAwMFoiLCJJZF9yb2xlIjoxLCJpYXQiOjE2ODI2Mjg0NTYsImV4cCI6MTY4MjYzMjA1Nn0.FAs-3IbWtVVgDZX2B8V1LYnDmbGribcF8tbUiohvnFs 
27/04/23 20:52:58 :: handle Auth route taken, there is accessToken found eyJhbGciOiJIUzI1NiIsInR5cCI6IkpXVCJ9.eyJJZF9hY2NvdW50Ijo2LCJlbWFpbCI6Im1heG9hNTlAZ21haWwuY29tIiwicGFzc3dvcmQiOiIvSE1FVzRPR3JGNEtUaHJLbmo5bGZ1V2tXTFZ6S2lPZVJJeFpVMDhHZmNvZlZqb3pKWGxyLiIsImNyZWF0ZWRCeSI6bnVsbCwiY3JlYXRlZEF0IjpudWxsLCJkZWxldGVkQnkiOm51bGwsImRlbGV0ZWRBdCI6bnVsbCwibW9kaWZpZWRCeSI6bnVsbCwibW9kaWZpZWRBdCI6bnVsbCwiSWRfY3VzdG9tZXIiOjUsInBzZXVkbyI6IlNlY3V0b3IiLCJmaXJzdG5hbWUiOiJNYXhlbmNlIiwibGFzdG5hbWUiOiJBTExBUlQiLCJsYXN0X2Nvbm5lY3Rpb24iOiIyMDIzLTA0LTI3VDIwOjM2OjE5LjAwMFoiLCJJZF9yb2xlIjoxLCJpYXQiOjE2ODI2Mjg0NTYsImV4cCI6MTY4MjYzMjA1Nn0.FAs-3IbWtVVgDZX2B8V1LYnDmbGribcF8tbUiohvnFs 
27/04/23 20:52:58 :: handle Auth route taken, there is accessToken found eyJhbGciOiJIUzI1NiIsInR5cCI6IkpXVCJ9.eyJJZF9hY2NvdW50Ijo2LCJlbWFpbCI6Im1heG9hNTlAZ21haWwuY29tIiwicGFzc3dvcmQiOiIvSE1FVzRPR3JGNEtUaHJLbmo5bGZ1V2tXTFZ6S2lPZVJJeFpVMDhHZmNvZlZqb3pKWGxyLiIsImNyZWF0ZWRCeSI6bnVsbCwiY3JlYXRlZEF0IjpudWxsLCJkZWxldGVkQnkiOm51bGwsImRlbGV0ZWRBdCI6bnVsbCwibW9kaWZpZWRCeSI6bnVsbCwibW9kaWZpZWRBdCI6bnVsbCwiSWRfY3VzdG9tZXIiOjUsInBzZXVkbyI6IlNlY3V0b3IiLCJmaXJzdG5hbWUiOiJNYXhlbmNlIiwibGFzdG5hbWUiOiJBTExBUlQiLCJsYXN0X2Nvbm5lY3Rpb24iOiIyMDIzLTA0LTI3VDIwOjM2OjE5LjAwMFoiLCJJZF9yb2xlIjoxLCJpYXQiOjE2ODI2Mjg0NTYsImV4cCI6MTY4MjYzMjA1Nn0.FAs-3IbWtVVgDZX2B8V1LYnDmbGribcF8tbUiohvnFs 
27/04/23 20:53:05 :: handle Auth route taken, there is accessToken found eyJhbGciOiJIUzI1NiIsInR5cCI6IkpXVCJ9.eyJJZF9hY2NvdW50Ijo2LCJlbWFpbCI6Im1heG9hNTlAZ21haWwuY29tIiwicGFzc3dvcmQiOiIvSE1FVzRPR3JGNEtUaHJLbmo5bGZ1V2tXTFZ6S2lPZVJJeFpVMDhHZmNvZlZqb3pKWGxyLiIsImNyZWF0ZWRCeSI6bnVsbCwiY3JlYXRlZEF0IjpudWxsLCJkZWxldGVkQnkiOm51bGwsImRlbGV0ZWRBdCI6bnVsbCwibW9kaWZpZWRCeSI6bnVsbCwibW9kaWZpZWRBdCI6bnVsbCwiSWRfY3VzdG9tZXIiOjUsInBzZXVkbyI6IlNlY3V0b3IiLCJmaXJzdG5hbWUiOiJNYXhlbmNlIiwibGFzdG5hbWUiOiJBTExBUlQiLCJsYXN0X2Nvbm5lY3Rpb24iOiIyMDIzLTA0LTI3VDIwOjM2OjE5LjAwMFoiLCJJZF9yb2xlIjoxLCJpYXQiOjE2ODI2Mjg0NTYsImV4cCI6MTY4MjYzMjA1Nn0.FAs-3IbWtVVgDZX2B8V1LYnDmbGribcF8tbUiohvnFs 
27/04/23 20:53:05 :: handle Auth route taken, there is accessToken found eyJhbGciOiJIUzI1NiIsInR5cCI6IkpXVCJ9.eyJJZF9hY2NvdW50Ijo2LCJlbWFpbCI6Im1heG9hNTlAZ21haWwuY29tIiwicGFzc3dvcmQiOiIvSE1FVzRPR3JGNEtUaHJLbmo5bGZ1V2tXTFZ6S2lPZVJJeFpVMDhHZmNvZlZqb3pKWGxyLiIsImNyZWF0ZWRCeSI6bnVsbCwiY3JlYXRlZEF0IjpudWxsLCJkZWxldGVkQnkiOm51bGwsImRlbGV0ZWRBdCI6bnVsbCwibW9kaWZpZWRCeSI6bnVsbCwibW9kaWZpZWRBdCI6bnVsbCwiSWRfY3VzdG9tZXIiOjUsInBzZXVkbyI6IlNlY3V0b3IiLCJmaXJzdG5hbWUiOiJNYXhlbmNlIiwibGFzdG5hbWUiOiJBTExBUlQiLCJsYXN0X2Nvbm5lY3Rpb24iOiIyMDIzLTA0LTI3VDIwOjM2OjE5LjAwMFoiLCJJZF9yb2xlIjoxLCJpYXQiOjE2ODI2Mjg0NTYsImV4cCI6MTY4MjYzMjA1Nn0.FAs-3IbWtVVgDZX2B8V1LYnDmbGribcF8tbUiohvnFs 
27/04/23 20:53:25 :: handle Auth route taken, there is accessToken found eyJhbGciOiJIUzI1NiIsInR5cCI6IkpXVCJ9.eyJJZF9hY2NvdW50Ijo2LCJlbWFpbCI6Im1heG9hNTlAZ21haWwuY29tIiwicGFzc3dvcmQiOiIvSE1FVzRPR3JGNEtUaHJLbmo5bGZ1V2tXTFZ6S2lPZVJJeFpVMDhHZmNvZlZqb3pKWGxyLiIsImNyZWF0ZWRCeSI6bnVsbCwiY3JlYXRlZEF0IjpudWxsLCJkZWxldGVkQnkiOm51bGwsImRlbGV0ZWRBdCI6bnVsbCwibW9kaWZpZWRCeSI6bnVsbCwibW9kaWZpZWRBdCI6bnVsbCwiSWRfY3VzdG9tZXIiOjUsInBzZXVkbyI6IlNlY3V0b3IiLCJmaXJzdG5hbWUiOiJNYXhlbmNlIiwibGFzdG5hbWUiOiJBTExBUlQiLCJsYXN0X2Nvbm5lY3Rpb24iOiIyMDIzLTA0LTI3VDIwOjM2OjE5LjAwMFoiLCJJZF9yb2xlIjoxLCJpYXQiOjE2ODI2Mjg0NTYsImV4cCI6MTY4MjYzMjA1Nn0.FAs-3IbWtVVgDZX2B8V1LYnDmbGribcF8tbUiohvnFs 
27/04/23 20:53:25 :: handle Auth route taken, there is accessToken found eyJhbGciOiJIUzI1NiIsInR5cCI6IkpXVCJ9.eyJJZF9hY2NvdW50Ijo2LCJlbWFpbCI6Im1heG9hNTlAZ21haWwuY29tIiwicGFzc3dvcmQiOiIvSE1FVzRPR3JGNEtUaHJLbmo5bGZ1V2tXTFZ6S2lPZVJJeFpVMDhHZmNvZlZqb3pKWGxyLiIsImNyZWF0ZWRCeSI6bnVsbCwiY3JlYXRlZEF0IjpudWxsLCJkZWxldGVkQnkiOm51bGwsImRlbGV0ZWRBdCI6bnVsbCwibW9kaWZpZWRCeSI6bnVsbCwibW9kaWZpZWRBdCI6bnVsbCwiSWRfY3VzdG9tZXIiOjUsInBzZXVkbyI6IlNlY3V0b3IiLCJmaXJzdG5hbWUiOiJNYXhlbmNlIiwibGFzdG5hbWUiOiJBTExBUlQiLCJsYXN0X2Nvbm5lY3Rpb24iOiIyMDIzLTA0LTI3VDIwOjM2OjE5LjAwMFoiLCJJZF9yb2xlIjoxLCJpYXQiOjE2ODI2Mjg0NTYsImV4cCI6MTY4MjYzMjA1Nn0.FAs-3IbWtVVgDZX2B8V1LYnDmbGribcF8tbUiohvnFs 
27/04/23 20:54:13 :: handle Auth route taken, there is accessToken found eyJhbGciOiJIUzI1NiIsInR5cCI6IkpXVCJ9.eyJJZF9hY2NvdW50Ijo2LCJlbWFpbCI6Im1heG9hNTlAZ21haWwuY29tIiwicGFzc3dvcmQiOiIvSE1FVzRPR3JGNEtUaHJLbmo5bGZ1V2tXTFZ6S2lPZVJJeFpVMDhHZmNvZlZqb3pKWGxyLiIsImNyZWF0ZWRCeSI6bnVsbCwiY3JlYXRlZEF0IjpudWxsLCJkZWxldGVkQnkiOm51bGwsImRlbGV0ZWRBdCI6bnVsbCwibW9kaWZpZWRCeSI6bnVsbCwibW9kaWZpZWRBdCI6bnVsbCwiSWRfY3VzdG9tZXIiOjUsInBzZXVkbyI6IlNlY3V0b3IiLCJmaXJzdG5hbWUiOiJNYXhlbmNlIiwibGFzdG5hbWUiOiJBTExBUlQiLCJsYXN0X2Nvbm5lY3Rpb24iOiIyMDIzLTA0LTI3VDIwOjM2OjE5LjAwMFoiLCJJZF9yb2xlIjoxLCJpYXQiOjE2ODI2Mjg0NTYsImV4cCI6MTY4MjYzMjA1Nn0.FAs-3IbWtVVgDZX2B8V1LYnDmbGribcF8tbUiohvnFs 
27/04/23 20:54:13 :: handle Auth route taken, there is accessToken found eyJhbGciOiJIUzI1NiIsInR5cCI6IkpXVCJ9.eyJJZF9hY2NvdW50Ijo2LCJlbWFpbCI6Im1heG9hNTlAZ21haWwuY29tIiwicGFzc3dvcmQiOiIvSE1FVzRPR3JGNEtUaHJLbmo5bGZ1V2tXTFZ6S2lPZVJJeFpVMDhHZmNvZlZqb3pKWGxyLiIsImNyZWF0ZWRCeSI6bnVsbCwiY3JlYXRlZEF0IjpudWxsLCJkZWxldGVkQnkiOm51bGwsImRlbGV0ZWRBdCI6bnVsbCwibW9kaWZpZWRCeSI6bnVsbCwibW9kaWZpZWRBdCI6bnVsbCwiSWRfY3VzdG9tZXIiOjUsInBzZXVkbyI6IlNlY3V0b3IiLCJmaXJzdG5hbWUiOiJNYXhlbmNlIiwibGFzdG5hbWUiOiJBTExBUlQiLCJsYXN0X2Nvbm5lY3Rpb24iOiIyMDIzLTA0LTI3VDIwOjM2OjE5LjAwMFoiLCJJZF9yb2xlIjoxLCJpYXQiOjE2ODI2Mjg0NTYsImV4cCI6MTY4MjYzMjA1Nn0.FAs-3IbWtVVgDZX2B8V1LYnDmbGribcF8tbUiohvnFs 
27/04/23 20:54:20 :: yo refreshToken: eyJhbGciOiJIUzI1NiIsInR5cCI6IkpXVCJ9.eyJJZF9hY2NvdW50Ijo2LCJlbWFpbCI6Im1heG9hNTlAZ21haWwuY29tIiwicGFzc3dvcmQiOiIvSE1FVzRPR3JGNEtUaHJLbmo5bGZ1V2tXTFZ6S2lPZVJJeFpVMDhHZmNvZlZqb3pKWGxyLiIsImNyZWF0ZWRCeSI6bnVsbCwiY3JlYXRlZEF0IjpudWxsLCJkZWxldGVkQnkiOm51bGwsImRlbGV0ZWRBdCI6bnVsbCwibW9kaWZpZWRCeSI6bnVsbCwibW9kaWZpZWRBdCI6bnVsbCwiSWRfY3VzdG9tZXIiOjUsInBzZXVkbyI6IlNlY3V0b3IiLCJmaXJzdG5hbWUiOiJNYXhlbmNlIiwibGFzdG5hbWUiOiJBTExBUlQiLCJsYXN0X2Nvbm5lY3Rpb24iOiIyMDIzLTA0LTI3VDIwOjM2OjE5LjAwMFoiLCJJZF9yb2xlIjoxLCJpYXQiOjE2ODI2Mjg0NTYsImV4cCI6MTY4MzQ5MjQ1Nn0.HYAWBX8opEF5q6wrbY14QOO5qlHXFOvp4RkoF5GvhOM 
27/04/23 20:54:20 :: yo userId: undefined 
27/04/23 20:54:20 :: yo decodedRefreshToken: {
  Id_account: 6,
  email: 'maxoa59@gmail.com',
  password: '/HMEW4OGrF4KThrKnj9lfuWkWLVzKiOeRIxZU08GfcofVjozJXlr.',
  createdBy: null,
  createdAt: null,
  deletedBy: null,
  deletedAt: null,
  modifiedBy: null,
  modifiedAt: null,
  Id_customer: 5,
  pseudo: 'Secutor',
  firstname: 'Maxence',
  lastname: 'ALLART',
  last_connection: '2023-04-27T20:36:19.000Z',
  Id_role: 1,
  iat: 1682628456,
  exp: 1683492456
} 
27/04/23 20:54:21 :: // Appel de la method selectAll de carouselController// 
27/04/23 20:54:21 :: // Appel de la method QUERY de database.service. // 
27/04/23 20:54:21 :: => Requete appelée: SELECT * FROM carousel WHERE deletedBy = 0 
27/04/23 20:54:21 :: ==>Retour de la requete: [
  [
    {
      id: 1,
      img_src: 'https://picsum.photos/id/1/800/300',
      img_alt: 'lien vers builder',
      description: 'Venez découvrir le builder !',
      button_text: 'Découvrir içi',
      createdAt: 2023-04-23T17:03:47.000Z,
      createdBy: 'site',
      deletedAt: null,
      deletedBy: '0',
      modifiedAt: 2023-04-23T17:03:47.000Z,
      modifiedBy: 'site',
      navigate_to: 'builder',
      long_description: "Le builder est un outil qui permet de constuire sa config, il permet d'assurer la compatibilité entre les composants.\r\n" +
        "Et combiné avec le comparateur, c'est le meilleur moyen de faire une config au meilleur prix !"
    },
    {
      id: 2,
      img_src: 'https://picsum.photos/id/2/850/400',
      img_alt: 'lien vers page about',
      description: 'Venez découvrir qui nous-sommes !',
      button_text: 'Cliquez ici',
      createdAt: 2023-04-23T17:27:05.000Z,
      createdBy: 'site',
      deletedAt: null,
      deletedBy: '0',
      modifiedAt: 2023-04-23T17:27:05.000Z,
      modifiedBy: 'site',
      navigate_to: 'about',
      long_description: ''
    },
    {
      id: 3,
      img_src: 'https://picsum.photos/id/3/850/500',
      img_alt: 'lien vers compare',
      description: 'Venez découvrir le comparateur ! Trouvez les meilleurs prix ',
      button_text: 'Trouver les meilleurs prix',
      createdAt: 2023-04-23T17:28:04.000Z,
      createdBy: 'site',
      deletedAt: null,
      deletedBy: '0',
      modifiedAt: 2023-04-23T17:28:04.000Z,
      modifiedBy: 'site',
      navigate_to: 'compare',
      long_description: ''
    },
    {
      id: 4,
      img_src: 'https://picsum.photos/id/4/850/600',
      img_alt: 'lien vers test',
      description: 'hello world',
      button_text: 'hello',
      createdAt: 2023-04-23T17:29:09.000Z,
      createdBy: 'site',
      deletedAt: null,
      deletedBy: '0',
      modifiedAt: 2023-04-23T17:29:09.000Z,
      modifiedBy: 'site',
      navigate_to: 'themes',
      long_description: ''
    }
  ]
] 
27/04/23 20:54:21 :: ---> Sortie de la method QUERY de database.service. // 
27/04/23 20:54:21 :: ---> Sortie de la method selectAll de carouselController // 
27/04/23 20:54:21 :: // Appel de la method selectAll de carouselController// 
27/04/23 20:54:21 :: // Appel de la method QUERY de database.service. // 
27/04/23 20:54:21 :: ==>Retour de la requete: [
  [
    {
      id: 1,
      img_src: 'https://picsum.photos/id/1/800/300',
      img_alt: 'lien vers builder',
      description: 'Venez découvrir le builder !',
      button_text: 'Découvrir içi',
      createdAt: 2023-04-23T17:03:47.000Z,
      createdBy: 'site',
      deletedAt: null,
      deletedBy: '0',
      modifiedAt: 2023-04-23T17:03:47.000Z,
      modifiedBy: 'site',
      navigate_to: 'builder',
      long_description: "Le builder est un outil qui permet de constuire sa config, il permet d'assurer la compatibilité entre les composants.\r\n" +
        "Et combiné avec le comparateur, c'est le meilleur moyen de faire une config au meilleur prix !"
    },
    {
      id: 2,
      img_src: 'https://picsum.photos/id/2/850/400',
      img_alt: 'lien vers page about',
      description: 'Venez découvrir qui nous-sommes !',
      button_text: 'Cliquez ici',
      createdAt: 2023-04-23T17:27:05.000Z,
      createdBy: 'site',
      deletedAt: null,
      deletedBy: '0',
      modifiedAt: 2023-04-23T17:27:05.000Z,
      modifiedBy: 'site',
      navigate_to: 'about',
      long_description: ''
    },
    {
      id: 3,
      img_src: 'https://picsum.photos/id/3/850/500',
      img_alt: 'lien vers compare',
      description: 'Venez découvrir le comparateur ! Trouvez les meilleurs prix ',
      button_text: 'Trouver les meilleurs prix',
      createdAt: 2023-04-23T17:28:04.000Z,
      createdBy: 'site',
      deletedAt: null,
      deletedBy: '0',
      modifiedAt: 2023-04-23T17:28:04.000Z,
      modifiedBy: 'site',
      navigate_to: 'compare',
      long_description: ''
    },
    {
      id: 4,
      img_src: 'https://picsum.photos/id/4/850/600',
      img_alt: 'lien vers test',
      description: 'hello world',
      button_text: 'hello',
      createdAt: 2023-04-23T17:29:09.000Z,
      createdBy: 'site',
      deletedAt: null,
      deletedBy: '0',
      modifiedAt: 2023-04-23T17:29:09.000Z,
      modifiedBy: 'site',
      navigate_to: 'themes',
      long_description: ''
    }
  ]
] 
27/04/23 20:54:21 :: => Requete appelée: SELECT * FROM carousel WHERE deletedBy = 0 
27/04/23 20:54:21 :: ---> Sortie de la method QUERY de database.service. // 
27/04/23 20:54:21 :: ---> Sortie de la method selectAll de carouselController // 
27/04/23 20:54:26 :: // Appel de la method handleLogin // 
27/04/23 20:54:26 :: // Appel de la method QUERY de database.service. // 
27/04/23 20:54:26 :: => Requete appelée: SELECT * FROM account WHERE deletedBy IS NULL AND email = ? 
27/04/23 20:54:26 :: ---> Sortie de la method QUERY de database.service. // 
27/04/23 20:54:26 :: ==>Retour de la requete: [
  [
    {
      Id_account: 6,
      email: 'maxoa59@gmail.com',
      password: '/HMEW4OGrF4KThrKnj9lfuWkWLVzKiOeRIxZU08GfcofVjozJXlr.',
      createdBy: 'site',
      createdAt: null,
      deletedBy: null,
      deletedAt: null,
      modifiedBy: null,
      modifiedAt: null
    }
  ]
] 
27/04/23 20:54:26 :: ++ L'utilisateur (account) trouvé est : {
  Id_account: 6,
  email: 'maxoa59@gmail.com',
  password: '/HMEW4OGrF4KThrKnj9lfuWkWLVzKiOeRIxZU08GfcofVjozJXlr.',
  createdBy: 'site',
  createdAt: null,
  deletedBy: null,
  deletedAt: null,
  modifiedBy: null,
  modifiedAt: null
} 
27/04/23 20:54:26 :: Comparons les mots de passe reçus : true 
27/04/23 20:54:26 :: // Appel de la method QUERY de database.service. // 
27/04/23 20:54:26 :: ---> Sortie de la method QUERY de database.service. // 
27/04/23 20:54:26 :: => Requete appelée: SELECT * FROM customer WHERE Id_account = ? 
27/04/23 20:54:26 :: ++ Customer trouvé est : {
  Id_customer: 5,
  pseudo: 'Secutor',
  firstname: 'Maxence',
  lastname: 'ALLART',
  last_connection: 2023-04-27T20:36:19.000Z,
  createdBy: null,
  createdAt: null,
  deletedBy: null,
  deletedAt: null,
  modifiedBy: null,
  modifiedAt: null,
  Id_account: 6,
  Id_role: 1
} 
27/04/23 20:54:26 :: ==>Retour de la requete: [
  [
    {
      Id_customer: 5,
      pseudo: 'Secutor',
      firstname: 'Maxence',
      lastname: 'ALLART',
      last_connection: 2023-04-27T20:36:19.000Z,
      createdBy: null,
      createdAt: null,
      deletedBy: null,
      deletedAt: null,
      modifiedBy: null,
      modifiedAt: null,
      Id_account: 6,
      Id_role: 1
    }
  ]
] 
27/04/23 20:54:26 :: // Appel de la method QUERY de database.service. // 
27/04/23 20:54:26 :: => Requete appelée: SELECT * FROM role WHERE Id_role = ? 
27/04/23 20:54:26 :: ==>Retour de la requete: [ [ { Id_role: 1, title: 'user' } ] ] 
27/04/23 20:54:26 :: ---> Sortie de la method QUERY de database.service. // 
27/04/23 20:54:26 :: ++ Le customer trouvé est du role: { Id_role: 1, title: 'user' } 
27/04/23 20:54:26 :: // Appel de la method QUERY de database.service. // 
27/04/23 20:54:26 :: => Requete appelée: 
    UPDATE customer
    SET last_connection = NOW()
    WHERE Id_customer = ?;
     
27/04/23 20:54:26 :: ==>Retour de la requete: [
  ResultSetHeader {
    fieldCount: 0,
    affectedRows: 1,
    insertId: 0,
    info: 'Enregistrements correspondants: 1  Modifiés: 1  Warnings: 0',
    serverStatus: 2,
    warningStatus: 0
  }
] 
27/04/23 20:54:26 :: Login successful ! sending token and refreshToken (httpOnly) 
27/04/23 20:54:26 :: ---> Sortie de la method QUERY de database.service. // 
27/04/23 20:55:28 :: handle Auth route taken, there is accessToken found undefined 
27/04/23 20:55:28 :: handle Auth route taken, there is accessToken found undefined 
27/04/23 20:55:28 :: // Appel de la fonction refreshToken 
27/04/23 20:55:28 :: test de req.cookies?.refreshToken eyJhbGciOiJIUzI1NiIsInR5cCI6IkpXVCJ9.eyJJZF9hY2NvdW50Ijo2LCJlbWFpbCI6Im1heG9hNTlAZ21haWwuY29tIiwicGFzc3dvcmQiOiIvSE1FVzRPR3JGNEtUaHJLbmo5bGZ1V2tXTFZ6S2lPZVJJeFpVMDhHZmNvZlZqb3pKWGxyLiIsImNyZWF0ZWRCeSI6bnVsbCwiY3JlYXRlZEF0IjpudWxsLCJkZWxldGVkQnkiOm51bGwsImRlbGV0ZWRBdCI6bnVsbCwibW9kaWZpZWRCeSI6bnVsbCwibW9kaWZpZWRBdCI6bnVsbCwiSWRfY3VzdG9tZXIiOjUsInBzZXVkbyI6IlNlY3V0b3IiLCJmaXJzdG5hbWUiOiJNYXhlbmNlIiwibGFzdG5hbWUiOiJBTExBUlQiLCJsYXN0X2Nvbm5lY3Rpb24iOiIyMDIzLTA0LTI3VDIwOjM2OjE5LjAwMFoiLCJJZF9yb2xlIjoxLCJyb2xlIjoidXNlciIsImlhdCI6MTY4MjYyODg2NiwiZXhwIjoxNjgzNDkyODY2fQ.h_R4IvD_TY8IwvRodco4_3rwyQ3ceNFjhtfBpzhJdcA 
27/04/23 20:55:28 :: yo le decoded refreshToken is : {
  Id_account: 6,
  email: 'maxoa59@gmail.com',
  password: '/HMEW4OGrF4KThrKnj9lfuWkWLVzKiOeRIxZU08GfcofVjozJXlr.',
  createdBy: null,
  createdAt: null,
  deletedBy: null,
  deletedAt: null,
  modifiedBy: null,
  modifiedAt: null,
  Id_customer: 5,
  pseudo: 'Secutor',
  firstname: 'Maxence',
  lastname: 'ALLART',
  last_connection: '2023-04-27T20:36:19.000Z',
  Id_role: 1,
  role: 'user',
  iat: 1682628866,
  exp: 1683492866
} 
27/04/23 20:55:28 :: // Appel de la method QUERY de database.service. // 
27/04/23 20:55:28 :: Réception du cookie suivant : eyJhbGciOiJIUzI1NiIsInR5cCI6IkpXVCJ9.eyJJZF9hY2NvdW50Ijo2LCJlbWFpbCI6Im1heG9hNTlAZ21haWwuY29tIiwicGFzc3dvcmQiOiIvSE1FVzRPR3JGNEtUaHJLbmo5bGZ1V2tXTFZ6S2lPZVJJeFpVMDhHZmNvZlZqb3pKWGxyLiIsImNyZWF0ZWRCeSI6bnVsbCwiY3JlYXRlZEF0IjpudWxsLCJkZWxldGVkQnkiOm51bGwsImRlbGV0ZWRBdCI6bnVsbCwibW9kaWZpZWRCeSI6bnVsbCwibW9kaWZpZWRBdCI6bnVsbCwiSWRfY3VzdG9tZXIiOjUsInBzZXVkbyI6IlNlY3V0b3IiLCJmaXJzdG5hbWUiOiJNYXhlbmNlIiwibGFzdG5hbWUiOiJBTExBUlQiLCJsYXN0X2Nvbm5lY3Rpb24iOiIyMDIzLTA0LTI3VDIwOjM2OjE5LjAwMFoiLCJJZF9yb2xlIjoxLCJyb2xlIjoidXNlciIsImlhdCI6MTY4MjYyODg2NiwiZXhwIjoxNjgzNDkyODY2fQ.h_R4IvD_TY8IwvRodco4_3rwyQ3ceNFjhtfBpzhJdcA 
27/04/23 20:55:28 :: => Requete appelée: SELECT * FROM account WHERE Id_account = ? 
27/04/23 20:55:28 :: ==>Retour de la requete: [
  [
    {
      Id_account: 6,
      email: 'maxoa59@gmail.com',
      password: '/HMEW4OGrF4KThrKnj9lfuWkWLVzKiOeRIxZU08GfcofVjozJXlr.',
      createdBy: 'site',
      createdAt: 2023-04-27T20:54:26.000Z,
      deletedBy: null,
      deletedAt: null,
      modifiedBy: null,
      modifiedAt: null
    }
  ]
] 
27/04/23 20:55:28 :: ---> Sortie de la method QUERY de database.service. // 
27/04/23 20:55:28 :: // Appel de la method QUERY de database.service. // 
27/04/23 20:55:28 :: ++ L'utilisateur trouvé est : {
  Id_account: 6,
  email: 'maxoa59@gmail.com',
  password: '/HMEW4OGrF4KThrKnj9lfuWkWLVzKiOeRIxZU08GfcofVjozJXlr.',
  createdBy: 'site',
  createdAt: 2023-04-27T20:54:26.000Z,
  deletedBy: null,
  deletedAt: null,
  modifiedBy: null,
  modifiedAt: null
} 
27/04/23 20:55:28 :: => Requete appelée: SELECT * FROM customer WHERE Id_account = ? 
27/04/23 20:55:28 :: ==>Retour de la requete: [
  [
    {
      Id_customer: 5,
      pseudo: 'Secutor',
      firstname: 'Maxence',
      lastname: 'ALLART',
      last_connection: 2023-04-27T20:54:26.000Z,
      createdBy: null,
      createdAt: null,
      deletedBy: null,
      deletedAt: null,
      modifiedBy: null,
      modifiedAt: null,
      Id_account: 6,
      Id_role: 1
    }
  ]
] 
27/04/23 20:55:28 :: ++ Customer trouvé est : {
  Id_customer: 5,
  pseudo: 'Secutor',
  firstname: 'Maxence',
  lastname: 'ALLART',
  last_connection: 2023-04-27T20:54:26.000Z,
  createdBy: null,
  createdAt: null,
  deletedBy: null,
  deletedAt: null,
  modifiedBy: null,
  modifiedAt: null,
  Id_account: 6,
  Id_role: 1
} 
27/04/23 20:55:28 :: __ Génération d'un nouveau token d'access grace au token refresh sécurisé ! 
27/04/23 20:55:28 :: ---> Sortie de la method QUERY de database.service. // 
27/04/23 20:55:28 :: test de req.cookies?.refreshToken eyJhbGciOiJIUzI1NiIsInR5cCI6IkpXVCJ9.eyJJZF9hY2NvdW50Ijo2LCJlbWFpbCI6Im1heG9hNTlAZ21haWwuY29tIiwicGFzc3dvcmQiOiIvSE1FVzRPR3JGNEtUaHJLbmo5bGZ1V2tXTFZ6S2lPZVJJeFpVMDhHZmNvZlZqb3pKWGxyLiIsImNyZWF0ZWRCeSI6bnVsbCwiY3JlYXRlZEF0IjpudWxsLCJkZWxldGVkQnkiOm51bGwsImRlbGV0ZWRBdCI6bnVsbCwibW9kaWZpZWRCeSI6bnVsbCwibW9kaWZpZWRBdCI6bnVsbCwiSWRfY3VzdG9tZXIiOjUsInBzZXVkbyI6IlNlY3V0b3IiLCJmaXJzdG5hbWUiOiJNYXhlbmNlIiwibGFzdG5hbWUiOiJBTExBUlQiLCJsYXN0X2Nvbm5lY3Rpb24iOiIyMDIzLTA0LTI3VDIwOjM2OjE5LjAwMFoiLCJJZF9yb2xlIjoxLCJyb2xlIjoidXNlciIsImlhdCI6MTY4MjYyODg2NiwiZXhwIjoxNjgzNDkyODY2fQ.h_R4IvD_TY8IwvRodco4_3rwyQ3ceNFjhtfBpzhJdcA 
27/04/23 20:55:28 :: Réception du cookie suivant : eyJhbGciOiJIUzI1NiIsInR5cCI6IkpXVCJ9.eyJJZF9hY2NvdW50Ijo2LCJlbWFpbCI6Im1heG9hNTlAZ21haWwuY29tIiwicGFzc3dvcmQiOiIvSE1FVzRPR3JGNEtUaHJLbmo5bGZ1V2tXTFZ6S2lPZVJJeFpVMDhHZmNvZlZqb3pKWGxyLiIsImNyZWF0ZWRCeSI6bnVsbCwiY3JlYXRlZEF0IjpudWxsLCJkZWxldGVkQnkiOm51bGwsImRlbGV0ZWRBdCI6bnVsbCwibW9kaWZpZWRCeSI6bnVsbCwibW9kaWZpZWRBdCI6bnVsbCwiSWRfY3VzdG9tZXIiOjUsInBzZXVkbyI6IlNlY3V0b3IiLCJmaXJzdG5hbWUiOiJNYXhlbmNlIiwibGFzdG5hbWUiOiJBTExBUlQiLCJsYXN0X2Nvbm5lY3Rpb24iOiIyMDIzLTA0LTI3VDIwOjM2OjE5LjAwMFoiLCJJZF9yb2xlIjoxLCJyb2xlIjoidXNlciIsImlhdCI6MTY4MjYyODg2NiwiZXhwIjoxNjgzNDkyODY2fQ.h_R4IvD_TY8IwvRodco4_3rwyQ3ceNFjhtfBpzhJdcA 
27/04/23 20:55:28 :: yo le decoded refreshToken is : {
  Id_account: 6,
  email: 'maxoa59@gmail.com',
  password: '/HMEW4OGrF4KThrKnj9lfuWkWLVzKiOeRIxZU08GfcofVjozJXlr.',
  createdBy: null,
  createdAt: null,
  deletedBy: null,
  deletedAt: null,
  modifiedBy: null,
  modifiedAt: null,
  Id_customer: 5,
  pseudo: 'Secutor',
  firstname: 'Maxence',
  lastname: 'ALLART',
  last_connection: '2023-04-27T20:36:19.000Z',
  Id_role: 1,
  role: 'user',
  iat: 1682628866,
  exp: 1683492866
} 
27/04/23 20:55:28 :: // Appel de la method QUERY de database.service. // 
27/04/23 20:55:28 :: // Appel de la fonction refreshToken 
27/04/23 20:55:28 :: => Requete appelée: SELECT * FROM account WHERE Id_account = ? 
27/04/23 20:55:28 :: ==>Retour de la requete: [
  [
    {
      Id_account: 6,
      email: 'maxoa59@gmail.com',
      password: '/HMEW4OGrF4KThrKnj9lfuWkWLVzKiOeRIxZU08GfcofVjozJXlr.',
      createdBy: 'site',
      createdAt: 2023-04-27T20:54:26.000Z,
      deletedBy: null,
      deletedAt: null,
      modifiedBy: null,
      modifiedAt: null
    }
  ]
] 
27/04/23 20:55:28 :: ++ L'utilisateur trouvé est : {
  Id_account: 6,
  email: 'maxoa59@gmail.com',
  password: '/HMEW4OGrF4KThrKnj9lfuWkWLVzKiOeRIxZU08GfcofVjozJXlr.',
  createdBy: 'site',
  createdAt: 2023-04-27T20:54:26.000Z,
  deletedBy: null,
  deletedAt: null,
  modifiedBy: null,
  modifiedAt: null
} 
27/04/23 20:55:28 :: // Appel de la method QUERY de database.service. // 
27/04/23 20:55:28 :: ==>Retour de la requete: [
  [
    {
      Id_customer: 5,
      pseudo: 'Secutor',
      firstname: 'Maxence',
      lastname: 'ALLART',
      last_connection: 2023-04-27T20:54:26.000Z,
      createdBy: null,
      createdAt: null,
      deletedBy: null,
      deletedAt: null,
      modifiedBy: null,
      modifiedAt: null,
      Id_account: 6,
      Id_role: 1
    }
  ]
] 
27/04/23 20:55:28 :: ---> Sortie de la method QUERY de database.service. // 
27/04/23 20:55:28 :: => Requete appelée: SELECT * FROM customer WHERE Id_account = ? 
27/04/23 20:55:28 :: ++ Customer trouvé est : {
  Id_customer: 5,
  pseudo: 'Secutor',
  firstname: 'Maxence',
  lastname: 'ALLART',
  last_connection: 2023-04-27T20:54:26.000Z,
  createdBy: null,
  createdAt: null,
  deletedBy: null,
  deletedAt: null,
  modifiedBy: null,
  modifiedAt: null,
  Id_account: 6,
  Id_role: 1
} 
27/04/23 20:55:28 :: __ Génération d'un nouveau token d'access grace au token refresh sécurisé ! 
27/04/23 20:55:28 :: ---> Sortie de la method QUERY de database.service. // 
27/04/23 20:55:28 :: handle Auth route taken, there is accessToken found eyJhbGciOiJIUzI1NiIsInR5cCI6IkpXVCJ9.eyJJZF9hY2NvdW50Ijo2LCJlbWFpbCI6Im1heG9hNTlAZ21haWwuY29tIiwicGFzc3dvcmQiOiIvSE1FVzRPR3JGNEtUaHJLbmo5bGZ1V2tXTFZ6S2lPZVJJeFpVMDhHZmNvZlZqb3pKWGxyLiIsImNyZWF0ZWRCeSI6bnVsbCwiY3JlYXRlZEF0IjpudWxsLCJkZWxldGVkQnkiOm51bGwsImRlbGV0ZWRBdCI6bnVsbCwibW9kaWZpZWRCeSI6bnVsbCwibW9kaWZpZWRBdCI6bnVsbCwiSWRfY3VzdG9tZXIiOjUsInBzZXVkbyI6IlNlY3V0b3IiLCJmaXJzdG5hbWUiOiJNYXhlbmNlIiwibGFzdG5hbWUiOiJBTExBUlQiLCJsYXN0X2Nvbm5lY3Rpb24iOiIyMDIzLTA0LTI3VDIwOjU0OjI2LjAwMFoiLCJJZF9yb2xlIjoxLCJpYXQiOjE2ODI2Mjg5MjgsImV4cCI6MTY4MjYzMjUyOH0.WtyMCpnoMQDJBNJSmssy12z9bU0zuJYFKj0-PDuycIk 
27/04/23 20:55:28 :: handle Auth route taken, there is accessToken found eyJhbGciOiJIUzI1NiIsInR5cCI6IkpXVCJ9.eyJJZF9hY2NvdW50Ijo2LCJlbWFpbCI6Im1heG9hNTlAZ21haWwuY29tIiwicGFzc3dvcmQiOiIvSE1FVzRPR3JGNEtUaHJLbmo5bGZ1V2tXTFZ6S2lPZVJJeFpVMDhHZmNvZlZqb3pKWGxyLiIsImNyZWF0ZWRCeSI6bnVsbCwiY3JlYXRlZEF0IjpudWxsLCJkZWxldGVkQnkiOm51bGwsImRlbGV0ZWRBdCI6bnVsbCwibW9kaWZpZWRCeSI6bnVsbCwibW9kaWZpZWRBdCI6bnVsbCwiSWRfY3VzdG9tZXIiOjUsInBzZXVkbyI6IlNlY3V0b3IiLCJmaXJzdG5hbWUiOiJNYXhlbmNlIiwibGFzdG5hbWUiOiJBTExBUlQiLCJsYXN0X2Nvbm5lY3Rpb24iOiIyMDIzLTA0LTI3VDIwOjU0OjI2LjAwMFoiLCJJZF9yb2xlIjoxLCJpYXQiOjE2ODI2Mjg5MjgsImV4cCI6MTY4MjYzMjUyOH0.WtyMCpnoMQDJBNJSmssy12z9bU0zuJYFKj0-PDuycIk 
27/04/23 20:56:49 :: Ouverture d'un port d'écoute sur : 5050 
27/04/23 20:56:52 :: Ouverture d'un port d'écoute sur : 5050 
27/04/23 20:57:17 :: Ouverture d'un port d'écoute sur : 5050 
27/04/23 20:57:20 :: Ouverture d'un port d'écoute sur : 5050 
27/04/23 20:58:20 :: Ouverture d'un port d'écoute sur : 5050 
27/04/23 20:58:23 :: Ouverture d'un port d'écoute sur : 5050 
27/04/23 20:58:27 :: Ouverture d'un port d'écoute sur : 5050 
27/04/23 20:58:32 :: Ouverture d'un port d'écoute sur : 5050 
27/04/23 20:59:13 :: Ouverture d'un port d'écoute sur : 5050 
27/04/23 20:59:28 :: Ouverture d'un port d'écoute sur : 5050 
27/04/23 20:59:40 :: Ouverture d'un port d'écoute sur : 5050 
27/04/23 20:59:51 :: handle Auth route taken, there is accessToken found eyJhbGciOiJIUzI1NiIsInR5cCI6IkpXVCJ9.eyJJZF9hY2NvdW50Ijo2LCJlbWFpbCI6Im1heG9hNTlAZ21haWwuY29tIiwicGFzc3dvcmQiOiIvSE1FVzRPR3JGNEtUaHJLbmo5bGZ1V2tXTFZ6S2lPZVJJeFpVMDhHZmNvZlZqb3pKWGxyLiIsImNyZWF0ZWRCeSI6bnVsbCwiY3JlYXRlZEF0IjpudWxsLCJkZWxldGVkQnkiOm51bGwsImRlbGV0ZWRBdCI6bnVsbCwibW9kaWZpZWRCeSI6bnVsbCwibW9kaWZpZWRBdCI6bnVsbCwiSWRfY3VzdG9tZXIiOjUsInBzZXVkbyI6IlNlY3V0b3IiLCJmaXJzdG5hbWUiOiJNYXhlbmNlIiwibGFzdG5hbWUiOiJBTExBUlQiLCJsYXN0X2Nvbm5lY3Rpb24iOiIyMDIzLTA0LTI3VDIwOjU0OjI2LjAwMFoiLCJJZF9yb2xlIjoxLCJpYXQiOjE2ODI2Mjg5MjgsImV4cCI6MTY4MjYzMjUyOH0.WtyMCpnoMQDJBNJSmssy12z9bU0zuJYFKj0-PDuycIk 
27/04/23 20:59:51 :: handle Auth route taken, there is accessToken found eyJhbGciOiJIUzI1NiIsInR5cCI6IkpXVCJ9.eyJJZF9hY2NvdW50Ijo2LCJlbWFpbCI6Im1heG9hNTlAZ21haWwuY29tIiwicGFzc3dvcmQiOiIvSE1FVzRPR3JGNEtUaHJLbmo5bGZ1V2tXTFZ6S2lPZVJJeFpVMDhHZmNvZlZqb3pKWGxyLiIsImNyZWF0ZWRCeSI6bnVsbCwiY3JlYXRlZEF0IjpudWxsLCJkZWxldGVkQnkiOm51bGwsImRlbGV0ZWRBdCI6bnVsbCwibW9kaWZpZWRCeSI6bnVsbCwibW9kaWZpZWRBdCI6bnVsbCwiSWRfY3VzdG9tZXIiOjUsInBzZXVkbyI6IlNlY3V0b3IiLCJmaXJzdG5hbWUiOiJNYXhlbmNlIiwibGFzdG5hbWUiOiJBTExBUlQiLCJsYXN0X2Nvbm5lY3Rpb24iOiIyMDIzLTA0LTI3VDIwOjU0OjI2LjAwMFoiLCJJZF9yb2xlIjoxLCJpYXQiOjE2ODI2Mjg5MjgsImV4cCI6MTY4MjYzMjUyOH0.WtyMCpnoMQDJBNJSmssy12z9bU0zuJYFKj0-PDuycIk 
27/04/23 20:59:55 :: yo refreshToken: eyJhbGciOiJIUzI1NiIsInR5cCI6IkpXVCJ9.eyJJZF9hY2NvdW50Ijo2LCJlbWFpbCI6Im1heG9hNTlAZ21haWwuY29tIiwicGFzc3dvcmQiOiIvSE1FVzRPR3JGNEtUaHJLbmo5bGZ1V2tXTFZ6S2lPZVJJeFpVMDhHZmNvZlZqb3pKWGxyLiIsImNyZWF0ZWRCeSI6bnVsbCwiY3JlYXRlZEF0IjpudWxsLCJkZWxldGVkQnkiOm51bGwsImRlbGV0ZWRBdCI6bnVsbCwibW9kaWZpZWRCeSI6bnVsbCwibW9kaWZpZWRBdCI6bnVsbCwiSWRfY3VzdG9tZXIiOjUsInBzZXVkbyI6IlNlY3V0b3IiLCJmaXJzdG5hbWUiOiJNYXhlbmNlIiwibGFzdG5hbWUiOiJBTExBUlQiLCJsYXN0X2Nvbm5lY3Rpb24iOiIyMDIzLTA0LTI3VDIwOjU0OjI2LjAwMFoiLCJJZF9yb2xlIjoxLCJpYXQiOjE2ODI2Mjg5MjgsImV4cCI6MTY4MzQ5MjkyOH0.pvWd5gylpUxdD_m-NI7FKJWfx8EqoAYD93kPCZ4PrKw 
27/04/23 20:59:55 :: yo decodedRefreshToken: {
  Id_account: 6,
  email: 'maxoa59@gmail.com',
  password: '/HMEW4OGrF4KThrKnj9lfuWkWLVzKiOeRIxZU08GfcofVjozJXlr.',
  createdBy: null,
  createdAt: null,
  deletedBy: null,
  deletedAt: null,
  modifiedBy: null,
  modifiedAt: null,
  Id_customer: 5,
  pseudo: 'Secutor',
  firstname: 'Maxence',
  lastname: 'ALLART',
  last_connection: '2023-04-27T20:54:26.000Z',
  Id_role: 1,
  iat: 1682628928,
  exp: 1683492928
} 
27/04/23 20:59:55 :: yo userId: undefined 
27/04/23 20:59:59 :: // Appel de la method handleLogin // 
27/04/23 20:59:59 :: // Appel de la method QUERY de database.service. // 
27/04/23 20:59:59 :: new connexion made sur la database: pc_compare 
27/04/23 20:59:59 :: => Requete appelée: SELECT * FROM account WHERE deletedBy IS NULL AND email = ? 
27/04/23 20:59:59 :: ==>Retour de la requete: [
  [
    {
      Id_account: 6,
      email: 'maxoa59@gmail.com',
      password: '/HMEW4OGrF4KThrKnj9lfuWkWLVzKiOeRIxZU08GfcofVjozJXlr.',
      createdBy: 'site',
      createdAt: 2023-04-27T20:54:26.000Z,
      deletedBy: null,
      deletedAt: null,
      modifiedBy: null,
      modifiedAt: null
    }
  ]
] 
27/04/23 20:59:59 :: ++ L'utilisateur (account) trouvé est : {
  Id_account: 6,
  email: 'maxoa59@gmail.com',
  password: '/HMEW4OGrF4KThrKnj9lfuWkWLVzKiOeRIxZU08GfcofVjozJXlr.',
  createdBy: 'site',
  createdAt: 2023-04-27T20:54:26.000Z,
  deletedBy: null,
  deletedAt: null,
  modifiedBy: null,
  modifiedAt: null
} 
27/04/23 20:59:59 :: ---> Sortie de la method QUERY de database.service. // 
27/04/23 20:59:59 :: Comparons les mots de passe reçus : true 
27/04/23 20:59:59 :: // Appel de la method QUERY de database.service. // 
27/04/23 20:59:59 :: => Requete appelée: SELECT * FROM customer WHERE Id_account = ? 
27/04/23 20:59:59 :: ==>Retour de la requete: [
  [
    {
      Id_customer: 5,
      pseudo: 'Secutor',
      firstname: 'Maxence',
      lastname: 'ALLART',
      last_connection: 2023-04-27T20:54:26.000Z,
      createdBy: null,
      createdAt: null,
      deletedBy: null,
      deletedAt: null,
      modifiedBy: null,
      modifiedAt: null,
      Id_account: 6,
      Id_role: 1
    }
  ]
] 
27/04/23 20:59:59 :: ---> Sortie de la method QUERY de database.service. // 
27/04/23 20:59:59 :: ++ Customer trouvé est : {
  Id_customer: 5,
  pseudo: 'Secutor',
  firstname: 'Maxence',
  lastname: 'ALLART',
  last_connection: 2023-04-27T20:54:26.000Z,
  createdBy: null,
  createdAt: null,
  deletedBy: null,
  deletedAt: null,
  modifiedBy: null,
  modifiedAt: null,
  Id_account: 6,
  Id_role: 1
} 
27/04/23 20:59:59 :: // Appel de la method QUERY de database.service. // 
27/04/23 20:59:59 :: => Requete appelée: SELECT * FROM role WHERE Id_role = ? 
27/04/23 20:59:59 :: ++ Le customer trouvé est du role: { Id_role: 1, title: 'user' } 
27/04/23 20:59:59 :: ---> Sortie de la method QUERY de database.service. // 
27/04/23 20:59:59 :: // Appel de la method QUERY de database.service. // 
27/04/23 20:59:59 :: ==>Retour de la requete: [ [ { Id_role: 1, title: 'user' } ] ] 
27/04/23 20:59:59 :: => Requete appelée: 
    UPDATE customer
    SET last_connection = NOW()
    WHERE Id_customer = ?;
     
27/04/23 20:59:59 :: ==>Retour de la requete: [
  ResultSetHeader {
    fieldCount: 0,
    affectedRows: 1,
    insertId: 0,
    info: 'Enregistrements correspondants: 1  Modifiés: 1  Warnings: 0',
    serverStatus: 2,
    warningStatus: 0
  }
] 
27/04/23 20:59:59 :: ---> Sortie de la method QUERY de database.service. // 
27/04/23 20:59:59 :: Login successful ! sending token and refreshToken (httpOnly) 
